Notice: nk.exe # 21:41:55  3-08-2013  # Power On
Info: nk.exe # 21:41:55  3-08-2013  # HwDogDriverInit: device id = 0x1
Notice: nk.exe # 21:41:55  3-08-2013  # System startup: PRO3 [v1.006.0026 (Feb 06 2013) #0094E6AE]
setIP: Registry static IP setting = 0.0.0.0
Info: nk.exe # 21:41:55  3-08-2013  #  UpdateDHCPOptions:HostName option selected 
Info: nk.exe # 21:41:55  3-08-2013  # Updating DHCP options on boot
VMini:: VBridge is not initialized!   Bail out..
	UsbHost : New Hub [address(1) / layer(0)]
Setting old Display registry
	UsbHost : New Function [address(2) / layer(1)]
	UsbHost : New Function [address(3) / layer(1)]
Ethernet auto-negotiated 100Mbps, Full Duplex
KeybdDriverInitializeEx: Layout Manager successfully initialized to  1
	UsbHost : New Function [address(4) / layer(1)]
Info: nk.exe # 21:41:58  3-08-2013  # UIHAL BASE: device id = 0x1
UIHAL BASE: device id = 0x1
Info: CrestronMonitor.exe # 21:41:59  3-08-2013  # Crestron applications already installed
Info: RouterTransportProcess.exe # 21:42:00  3-08-2013  #  UserPAT list instantiated 100 entries supported starting at port 64000
Notice: ConsoleServiceCE.exe # 21:42:01  3-08-2013  # Got Security Flag: 0
Info: RouterTransportProcess.exe # 21:42:05  3-08-2013  # Successfully Released adapter 
Info: RouterTransportProcess.exe # 21:42:05  3-08-2013  # Successfully renewed adapter 
ter: Parameter GET_CURRENT_IP_ADDRESS for specific Id 0 not set 

Ok: SimplSharpPro.exe # 21:43:07  3-08-2013  #  GetEthernetParameter: Parameter GET_CURRENT_IP_ADDRESS for specific Id 0 not set 

Ok: SimplSharpPro.exe # 21:43:07  3-08-2013  #  GetEthernetParameter: Parameter GET_CURRENT_IP_ADDRESS for specific Id 0 not set 

Ok: SimplSharpPro.exe # 21:43:07  3-08-2013  #  GetEthernetParameter: Parameter GET_CURRENT_IP_ADDRESS for specific Id 0 not set 

Ok: SimplSharpPro.exe # 21:43:07  3-08-2013  #  GetEthernetParameter: Parameter GET_CURRENT_IP_ADDRESS for specific Id 0 not set 

Ok: SimplSharpPro.exe # 21:43:07  3-08-2013  #  GetEthernetParameter: Parameter GET_CURRENT_IP_ADDRESS for specific Id 0 not set 

Ok: SimplSharpPro.exe # 21:43:07  3-08-2013  #  GetEthernetParameter: Parameter GET_CURRENT_IP_ADDRESS for specific Id 0 not set 

Ok: SimplSharpPro.exe # 21:43:07  3-08-2013  #  GetEthernetParameter: Parameter GET_CURRENT_IP_ADDRESS for specific Id 0 not set 

Ok: SimplSharpPro.exe # 21:43:07  3-08-2013  #  GetEthernetParameter: Parameter GET_CURRENT_IP_ADDRESS for specific Id 0 not set 

Ok: SimplSharpPro.exe # 21:43:07  3-08-2013  #  GetEthernetParameter: Parameter GET_CURRENT_IP_ADDRESS for specific Id 0 not set 

Ok: SimplSharpPro.exe # 21:43:07  3-08-2013  #  GetEthernetParameter: Parameter GET_CURRENT_IP_ADDRESS for specific Id 0 not set 

Ok: SimplSharpPro.exe # 21:43:07  3-08-2013  #  GetEthernetParameter: Parameter GET_CURRENT_IP_ADDRESS for specific Id 0 not set 

Ok: SimplSharpPro.exe # 21:43:07  3-08-2013  #  GetEthernetParameter: Parameter GET_CURRENT_IP_ADDRESS for specific Id 0 not set 

Ok: SimplSharpPro.exe # 21:43:07  3-08-2013  #  GetEthernetParameter: Parameter GET_CURRENT_IP_ADDRESS for specific Id 0 not set 

Ok: SimplSharpPro.exe # 21:43:07  3-08-2013  #  GetEthernetParameter: Parameter GET_CURRENT_IP_ADDRESS for specific Id 0 not set 

Ok: SimplSharpPro.exe # 21:43:07  3-08-2013  #  GetEthernetParameter: Parameter GET_CURRENT_IP_ADDRESS for specific Id 0 not set 

Ok: SimplSharpPro.exe # 21:43:07  3-08-2013  #  GetEthernetParameter: Parameter GET_CURRENT_IP_ADDRESS for specific Id 0 not set 

Ok: SimplSharpPro.exe # 21:43:07  3-08-2013  #  GetEthernetParameter: Parameter GET_CURRENT_IP_ADDRESS for specific Id 0 not set 

Ok: SimplSharpPro.exe # 21:43:07  3-08-2013  #  GetEthernetParameter: Parameter GET_CURRENT_IP_ADDRESS for specific Id 0 not set 

Ok: SimplSharpPro.exe # 21:43:07  3-08-2013  #  GetEthernetParameter: Parameter GET_CURRENT_IP_ADDRESS for specific Id 0 not set 

Ok: SimplSharpPro.exe # 21:43:07  3-08-2013  #  GetEthernetParameter: Parameter GET_CURRENT_IP_ADDRESS for specific Id 0 not set 

Ok: SimplSharpPro.exe # 21:43:07  3-08-2013  #  GetEthernetParameter: Parameter GET_CURRENT_IP_ADDRESS for specific Id 0 not set 

Ok: SimplSharpPro.exe # 21:43:07  3-08-2013  #  GetEthernetParameter: Parameter GET_CURRENT_IP_ADDRESS for specific Id 0 not set 

Ok: SimplSharpPro.exe # 21:43:07  3-08-2013  #  GetEthernetParameter: Parameter GET_CURRENT_IP_ADDRESS for specific Id 0 not set 

Ok: SimplSharpPro.exe # 21:43:07  3-08-2013  #  GetEthernetParameter: Parameter GET_CURRENT_IP_ADDRESS for specific Id 0 not set 

Ok: SimplSharpPro.exe # 21:43:07  3-08-2013  #  GetEthernetParameter: Parameter GET_CURRENT_IP_ADDRESS for specific Id 0 not set 

Ok: SimplSharpPro.exe # 21:43:07  3-08-2013  #  GetEthernetParameter: Parameter GET_CURRENT_IP_ADDRESS for specific Id 0 not set 

Ok: SimplSharpPro.exe # 21:43:07  3-08-2013  #  GetEthernetParameter: Parameter GET_CURRENT_IP_ADDRESS for specific Id 0 not set 

Ok: SimplSharpPro.exe # 21:43:07  3-08-2013  #  GetEthernetParameter: Parameter GET_CURRENT_IP_ADDRESS for specific Id 0 not set 

Ok: SimplSharpPro.exe # 21:43:07  3-08-2013  #  GetEthernetParameter: Parameter GET_CURRENT_IP_ADDRESS for specific Id 0 not set 

Ok: SimplSharpPro.exe # 21:43:07  3-08-2013  #  GetEthernetParameter: Parameter GET_CURRENT_IP_ADDRESS for specific Id 0 not set 

Ok: SimplSharpPro.exe # 21:43:07  3-08-2013  #  GetEthernetParameter: Parameter GET_CURRENT_IP_ADDRESS for specific Id 0 not set 

Ok: SimplSharpPro.exe # 21:43:07  3-08-2013  #  GetEthernetParameter: Parameter GET_CURRENT_IP_ADDRESS for specific Id 0 not set 

Ok: SimplSharpPro.exe # 21:43:07  3-08-2013  #  GetEthernetParameter: Parameter GET_CURRENT_IP_ADDRESS for specific Id 0 not set 

Ok: SimplSharpPro.exe # 21:43:07  3-08-2013  #  GetEthernetParameter: Parameter GET_CURRENT_IP_ADDRESS for specific Id 0 not set 

Ok: SimplSharpPro.exe # 21:43:07  3-08-2013  #  GetEthernetParameter: Parameter GET_CURRENT_IP_ADDRESS for specific Id 0 not set 

Ok: SimplSharpPro.exe # 21:43:07  3-08-2013  #  GetEthernetParameter: Parameter GET_CURRENT_IP_ADDRESS for specific Id 0 not set 

Ok: SimplSharpPro.exe # 21:43:07  3-08-2013  #  GetEthernetParameter: Parameter GET_CURRENT_IP_ADDRESS for specific Id 0 not set 

Ok: SimplSharpPro.exe # 21:43:07  3-08-2013  #  GetEthernetParameter: Parameter GET_CURRENT_IP_ADDRESS for specific Id 0 not set 

Ok: SimplSharpPro.exe # 21:43:07  3-08-2013  #  GetEthernetParameter: Parameter GET_CURRENT_IP_ADDRESS for specific Id 0 not set 

Ok: SimplSharpPro.exe # 21:43:07  3-08-2013  #  GetEthernetParameter: Parameter GET_CURRENT_IP_ADDRESS for specific Id 0 not set 

Ok: SimplSharpPro.exe # 21:43:07  3-08-2013  #  GetEthernetParameter: Parameter GET_CURRENT_IP_ADDRESS for specific Id 0 not set 

Ok: SimplSharpPro.exe # 21:43:07  3-08-2013  #  GetEthernetParameter: Parameter GET_CURRENT_IP_ADDRESS for specific Id 0 not set 

Ok: SimplSharpPro.exe # 21:43:07  3-08-2013  #  GetEthernetParameter: Parameter GET_CURRENT_IP_ADDRESS for specific Id 0 not set 

Ok: SimplSharpPro.exe # 21:43:07  3-08-2013  #  GetEthernetParameter: Parameter GET_CURRENT_IP_ADDRESS for specific Id 0 not set 

Ok: SimplSharpPro.exe # 21:43:07  3-08-2013  #  GetEthernetParameter: Parameter GET_CURRENT_IP_ADDRESS for specific Id 0 not set 

Ok: SimplSharpPro.exe # 21:43:07  3-08-2013  #  GetEthernetParameter: Parameter GET_CURRENT_IP_ADDRESS for specific Id 0 not set 

Ok: SimplSharpPro.exe # 21:43:07  3-08-2013  #  GetEthernetParameter: Parameter GET_CURRENT_IP_ADDRESS for specific Id 0 not set 

Ok: SimplSharpPro.exe # 21:43:08  3-08-2013  #  GetEthernetParameter: Parameter GET_CURRENT_IP_ADDRESS for specific Id 0 not set 

Ok: SimplSharpPro.exe # 21:43:08  3-08-2013  #  GetEthernetParameter: Parameter GET_CURRENT_IP_ADDRESS for specific Id 0 not set 

Ok: SimplSharpPro.exe # 21:43:08  3-08-2013  #  GetEthernetParameter: Parameter GET_CURRENT_IP_ADDRESS for specific Id 0 not set 

Ok: SimplSharpPro.exe # 21:43:08  3-08-2013  #  GetEthernetParameter: Parameter GET_CURRENT_IP_ADDRESS for specific Id 0 not set 

Ok: SimplSharpPro.exe # 21:43:08  3-08-2013  #  GetEthernetParameter: Parameter GET_CURRENT_IP_ADDRESS for specific Id 0 not set 

Ok: SimplSharpPro.exe # 21:43:08  3-08-2013  #  GetEthernetParameter: Parameter GET_CURRENT_IP_ADDRESS for specific Id 0 not set 

Ok: SimplSharpPro.exe # 21:43:08  3-08-2013  #  GetEthernetParameter: Parameter GET_CURRENT_IP_ADDRESS for specific Id 0 not set 

Ok: SimplSharpPro.exe # 21:43:08  3-08-2013  #  GetEthernetParameter: Parameter GET_CURRENT_IP_ADDRESS for specific Id 0 not set 

Ok: SimplSharpPro.exe # 21:43:08  3-08-2013  #  GetEthernetParameter: Parameter GET_CURRENT_IP_ADDRESS for specific Id 0 not set 

Ok: SimplSharpPro.exe # 21:43:08  3-08-2013  #  GetEthernetParameter: Parameter GET_CURRENT_IP_ADDRESS for specific Id 0 not set 

Ok: SimplSharpPro.exe # 21:43:08  3-08-2013  #  GetEthernetParameter: Parameter GET_CURRENT_IP_ADDRESS for specific Id 0 not set 

Ok: SimplSharpPro.exe # 21:43:08  3-08-2013  #  GetEthernetParameter: Parameter GET_CURRENT_IP_ADDRESS for specific Id 0 not set 

Ok: SimplSharpPro.exe # 21:43:08  3-08-2013  #  GetEthernetParameter: Parameter GET_CURRENT_IP_ADDRESS for specific Id 0 not set 

Ok: SimplSharpPro.exe # 21:43:08  3-08-2013  #  GetEthernetParameter: Parameter GET_CURRENT_IP_ADDRESS for specific Id 0 not set 

Ok: SimplSharpPro.exe # 21:43:08  3-08-2013  #  GetEthernetParameter: Parameter GET_CURRENT_IP_ADDRESS for specific Id 0 not set 

Ok: SimplSharpPro.exe # 21:43:08  3-08-2013  #  GetEthernetParameter: Parameter GET_CURRENT_IP_ADDRESS for specific Id 0 not set 

Ok: SimplSharpPro.exe # 21:43:08  3-08-2013  #  GetEthernetParameter: Parameter GET_CURRENT_IP_ADDRESS for specific Id 0 not set 

Ok: SimplSharpPro.exe # 21:43:08  3-08-2013  #  GetEthernetParameter: Parameter GET_CURRENT_IP_ADDRESS for specific Id 0 not set 

Ok: SimplSharpPro.exe # 21:43:08  3-08-2013  #  GetEthernetParameter: Parameter GET_CURRENT_IP_ADDRESS for specific Id 0 not set 

Ok: SimplSharpPro.exe # 21:43:08  3-08-2013  #  GetEthernetParameter: Parameter GET_CURRENT_IP_ADDRESS for specific Id 0 not set 

Ok: SimplSharpPro.exe # 21:43:08  3-08-2013  #  GetEthernetParameter: Parameter GET_CURRENT_IP_ADDRESS for specific Id 0 not set 

Ok: SimplSharpPro.exe # 21:43:08  3-08-2013  #  GetEthernetParameter: Parameter GET_CURRENT_IP_ADDRESS for specific Id 0 not set 

Ok: SimplSharpPro.exe # 21:43:08  3-08-2013  #  GetEthernetParameter: Parameter GET_CURRENT_IP_ADDRESS for specific Id 0 not set 

Ok: SimplSharpPro.exe # 21:43:08  3-08-2013  #  GetEthernetParameter: Parameter GET_CURRENT_IP_ADDRESS for specific Id 0 not set 

Ok: SimplSharpPro.exe # 21:43:08  3-08-2013  #  GetEthernetParameter: Parameter GET_CURRENT_IP_ADDRESS for specific Id 0 not set 

Ok: SimplSharpPro.exe # 21:43:08  3-08-2013  #  GetEthernetParameter: Parameter GET_CURRENT_IP_ADDRESS for specific Id 0 not set 

Ok: SimplSharpPro.exe # 21:43:08  3-08-2013  #  GetEthernetParameter: Parameter GET_CURRENT_IP_ADDRESS for specific Id 0 not set 

Ok: SimplSharpPro.exe # 21:43:08  3-08-2013  #  GetEthernetParameter: Parameter GET_CURRENT_IP_ADDRESS for specific Id 0 not set 

Ok: SimplSharpPro.exe # 21:43:08  3-08-2013  #  GetEthernetParameter: Parameter GET_CURRENT_IP_ADDRESS for specific Id 0 not set 

Ok: SimplSharpPro.exe # 21:43:08  3-08-2013  #  GetEthernetParameter: Parameter GET_CURRENT_IP_ADDRESS for specific Id 0 not set 

Ok: SimplSharpPro.exe # 21:43:08  3-08-2013  #  GetEthernetParameter: Parameter GET_CURRENT_IP_ADDRESS for specific Id 0 not set 

Ok: SimplSharpPro.exe # 21:43:08  3-08-2013  #  GetEthernetParameter: Parameter GET_CURRENT_IP_ADDRESS for specific Id 0 not set 

Ok: SimplSharpPro.exe # 21:43:08  3-08-2013  #  GetEthernetParameter: Parameter GET_CURRENT_IP_ADDRESS for specific Id 0 not set 

Ok: SimplSharpPro.exe # 21:43:08  3-08-2013  #  GetEthernetParameter: Parameter GET_CURRENT_IP_ADDRESS for specific Id 0 not set 

Ok: SimplSharpPro.exe # 21:43:08  3-08-2013  #  GetEthernetParameter: Parameter GET_CURRENT_IP_ADDRESS for specific Id 0 not set 

Ok: SimplSharpPro.exe # 21:43:08  3-08-2013  #  GetEthernetParameter: Parameter GET_CURRENT_IP_ADDRESS for specific Id 0 not set 

Ok: SimplSharpPro.exe # 21:43:08  3-08-2013  #  GetEthernetParameter: Parameter GET_CURRENT_IP_ADDRESS for specific Id 0 not set 

Ok: SimplSharpPro.exe # 21:43:08  3-08-2013  #  GetEthernetParameter: Parameter GET_CURRENT_IP_ADDRESS for specific Id 0 not set 

Ok: SimplSharpPro.exe # 21:43:08  3-08-2013  #  GetEthernetParameter: Parameter GET_CURRENT_IP_ADDRESS for specific Id 0 not set 

Ok: SimplSharpPro.exe # 21:43:08  3-08-2013  #  GetEthernetParameter: Parameter GET_CURRENT_IP_ADDRESS for specific Id 0 not set 

Ok: SimplSharpPro.exe # 21:43:08  3-08-2013  #  GetEthernetParameter: Parameter GET_CURRENT_IP_ADDRESS for specific Id 0 not set 

Ok: SimplSharpPro.exe # 21:43:08  3-08-2013  #  GetEthernetParameter: Parameter GET_CURRENT_IP_ADDRESS for specific Id 0 not set 

Ok: SimplSharpPro.exe # 21:43:08  3-08-2013  #  GetEthernetParameter: Parameter GET_CURRENT_IP_ADDRESS for specific Id 0 not set 

Ok: SimplSharpPro.exe # 21:43:08  3-08-2013  #  GetEthernetParameter: Parameter GET_CURRENT_IP_ADDRESS for specific Id 0 not set 

Ok: SimplSharpPro.exe # 21:43:08  3-08-2013  #  GetEthernetParameter: Parameter GET_CURRENT_IP_ADDRESS for specific Id 0 not set 

Ok: SimplSharpPro.exe # 21:43:08  3-08-2013  #  GetEthernetParameter: Parameter GET_CURRENT_IP_ADDRESS for specific Id 0 not set 

Ok: SimplSharpPro.exe # 21:43:08  3-08-2013  #  GetEthernetParameter: Parameter GET_CURRENT_IP_ADDRESS for specific Id 0 not set 

Ok: SimplSharpPro.exe # 21:43:08  3-08-2013  #  GetEthernetParameter: Parameter GET_CURRENT_IP_ADDRESS for specific Id 0 not set 

Ok: SimplSharpPro.exe # 21:43:08  3-08-2013  #  GetEthernetParameter: Parameter GET_CURRENT_IP_ADDRESS for specific Id 0 not set 

Ok: SimplSharpPro.exe # 21:43:08  3-08-2013  #  GetEthernetParameter: Parameter GET_CURRENT_IP_ADDRESS for specific Id 0 not set 

Ok: SimplSharpPro.exe # 21:43:08  3-08-2013  #  GetEthernetParameter: Parameter GET_CURRENT_IP_ADDRESS for specific Id 0 not set 

Ok: SimplSharpPro.exe # 21:43:08  3-08-2013  #  GetEthernetParameter: Parameter GET_CURRENT_IP_ADDRESS for specific Id 0 not set 

Ok: SimplSharpPro.exe # 21:43:08  3-08-2013  #  GetEthernetParameter: Parameter GET_CURRENT_IP_ADDRESS for specific Id 0 not set 

Ok: SimplSharpPro.exe # 21:43:08  3-08-2013  #  GetEthernetParameter: Parameter GET_CURRENT_IP_ADDRESS for specific Id 0 not set 

Ok: SimplSharpPro.exe # 21:43:08  3-08-2013  #  GetEthernetParameter: Parameter GET_CURRENT_IP_ADDRESS for specific Id 0 not set 

Ok: SimplSharpPro.exe # 21:43:08  3-08-2013  #  GetEthernetParameter: Parameter GET_CURRENT_IP_ADDRESS for specific Id 0 not set 

Ok: SimplSharpPro.exe # 21:43:08  3-08-2013  #  GetEthernetParameter: Parameter GET_CURRENT_IP_ADDRESS for specific Id 0 not set 

Ok: SimplSharpPro.exe # 21:43:08  3-08-2013  #  GetEthernetParameter: Parameter GET_CURRENT_IP_ADDRESS for specific Id 0 not set 

Ok: SimplSharpPro.exe # 21:43:08  3-08-2013  #  GetEthernetParameter: Parameter GET_CURRENT_IP_ADDRESS for specific Id 0 not set 

Ok: SimplSharpPro.exe # 21:43:08  3-08-2013  #  GetEthernetParameter: Parameter GET_CURRENT_IP_ADDRESS for specific Id 0 not set 

Ok: SimplSharpPro.exe # 21:43:08  3-08-2013  #  GetEthernetParameter: Parameter GET_CURRENT_IP_ADDRESS for specific Id 0 not set 

Ok: SimplSharpPro.exe # 21:43:08  3-08-2013  #  GetEthernetParameter: Parameter GET_CURRENT_IP_ADDRESS for specific Id 0 not set 

Ok: SimplSharpPro.exe # 21:43:08  3-08-2013  #  GetEthernetParameter: Parameter GET_CURRENT_IP_ADDRESS for specific Id 0 not set 

Ok: SimplSharpPro.exe # 21:43:08  3-08-2013  #  GetEthernetParameter: Parameter GET_CURRENT_IP_ADDRESS for specific Id 0 not set 

Ok: SimplSharpPro.exe # 21:43:08  3-08-2013  #  GetEthernetParameter: Parameter GET_CURRENT_IP_ADDRESS for specific Id 0 not set 

Ok: SimplSharpPro.exe # 21:43:08  3-08-2013  #  GetEthernetParameter: Parameter GET_CURRENT_IP_ADDRESS for specific Id 0 not set 

Ok: SimplSharpPro.exe # 21:43:08  3-08-2013  #  GetEthernetParameter: Parameter GET_CURRENT_IP_ADDRESS for specific Id 0 not set 

Ok: SimplSharpPro.exe # 21:43:08  3-08-2013  #  GetEthernetParameter: Parameter GET_CURRENT_IP_ADDRESS for specific Id 0 not set 

Ok: SimplSharpPro.exe # 21:43:08  3-08-2013  #  GetEthernetParameter: Parameter GET_CURRENT_IP_ADDRESS for specific Id 0 not set 

Ok: SimplSharpPro.exe # 21:43:09  3-08-2013  #  GetEthernetParameter: Parameter GET_CURRENT_IP_ADDRESS for specific Id 0 not set 

Ok: SimplSharpPro.exe # 21:43:09  3-08-2013  #  GetEthernetParameter: Parameter GET_CURRENT_IP_ADDRESS for specific Id 0 not set 

Ok: SimplSharpPro.exe # 21:43:09  3-08-2013  #  GetEthernetParameter: Parameter GET_CURRENT_IP_ADDRESS for specific Id 0 not set 

Ok: SimplSharpPro.exe # 21:43:09  3-08-2013  #  GetEthernetParameter: Parameter GET_CURRENT_IP_ADDRESS for specific Id 0 not set 

Ok: SimplSharpPro.exe # 21:43:09  3-08-2013  #  GetEthernetParameter: Parameter GET_CURRENT_IP_ADDRESS for specific Id 0 not set 

Ok: SimplSharpPro.exe # 21:43:09  3-08-2013  #  GetEthernetParameter: Parameter GET_CURRENT_IP_ADDRESS for specific Id 0 not set 

Ok: SimplSharpPro.exe # 21:43:09  3-08-2013  #  GetEthernetParameter: Parameter GET_CURRENT_IP_ADDRESS for specific Id 0 not set 

Ok: SimplSharpPro.exe # 21:43:09  3-08-2013  #  GetEthernetParameter: Parameter GET_CURRENT_IP_ADDRESS for specific Id 0 not set 

Ok: SimplSharpPro.exe # 21:43:09  3-08-2013  #  GetEthernetParameter: Parameter GET_CURRENT_IP_ADDRESS for specific Id 0 not set 

Ok: SimplSharpPro.exe # 21:43:09  3-08-2013  #  GetEthernetParameter: Parameter GET_CURRENT_IP_ADDRESS for specific Id 0 not set 

Ok: SimplSharpPro.exe # 21:43:09  3-08-2013  #  GetEthernetParameter: Parameter GET_CURRENT_IP_ADDRESS for specific Id 0 not set 

Ok: SimplSharpPro.exe # 21:43:09  3-08-2013  #  GetEthernetParameter: Parameter GET_CURRENT_IP_ADDRESS for specific Id 0 not set 

Ok: SimplSharpPro.exe # 21:43:09  3-08-2013  #  GetEthernetParameter: Parameter GET_CURRENT_IP_ADDRESS for specific Id 0 not set 

Ok: SimplSharpPro.exe # 21:43:09  3-08-2013  #  GetEthernetParameter: Parameter GET_CURRENT_IP_ADDRESS for specific Id 0 not set 

Ok: SimplSharpPro.exe # 21:43:09  3-08-2013  #  GetEthernetParameter: Parameter GET_CURRENT_IP_ADDRESS for specific Id 0 not set 

Ok: SimplSharpPro.exe # 21:43:09  3-08-2013  #  GetEthernetParameter: Parameter GET_CURRENT_IP_ADDRESS for specific Id 0 not set 

Ok: SimplSharpPro.exe # 21:43:09  3-08-2013  #  GetEthernetParameter: Parameter GET_CURRENT_IP_ADDRESS for specific Id 0 not set 

Ok: SimplSharpPro.exe # 21:43:09  3-08-2013  #  GetEthernetParameter: Parameter GET_CURRENT_IP_ADDRESS for specific Id 0 not set 

Ok: SimplSharpPro.exe # 21:43:09  3-08-2013  #  GetEthernetParameter: Parameter GET_CURRENT_IP_ADDRESS for specific Id 0 not set 

Ok: SimplSharpPro.exe # 21:43:09  3-08-2013  #  GetEthernetParameter: Parameter GET_CURRENT_IP_ADDRESS for specific Id 0 not set 

Ok: SimplSharpPro.exe # 21:43:09  3-08-2013  #  GetEthernetParameter: Parameter GET_CURRENT_IP_ADDRESS for specific Id 0 not set 

Ok: SimplSharpPro.exe # 21:43:09  3-08-2013  #  GetEthernetParameter: Parameter GET_CURRENT_IP_ADDRESS for specific Id 0 not set 

Ok: SimplSharpPro.exe # 21:43:09  3-08-2013  #  GetEthernetParameter: Parameter GET_CURRENT_IP_ADDRESS for specific Id 0 not set 

Ok: SimplSharpPro.exe # 21:43:09  3-08-2013  #  GetEthernetParameter: Parameter GET_CURRENT_IP_ADDRESS for specific Id 0 not set 

Ok: SimplSharpPro.exe # 21:43:09  3-08-2013  #  GetEthernetParameter: Parameter GET_CURRENT_IP_ADDRESS for specific Id 0 not set 

Ok: SimplSharpPro.exe # 21:43:09  3-08-2013  #  GetEthernetParameter: Parameter GET_CURRENT_IP_ADDRESS for specific Id 0 not set 

Ok: SimplSharpPro.exe # 21:43:09  3-08-2013  #  GetEthernetParameter: Parameter GET_CURRENT_IP_ADDRESS for specific Id 0 not set 

Ok: SimplSharpPro.exe # 21:43:09  3-08-2013  #  GetEthernetParameter: Parameter GET_CURRENT_IP_ADDRESS for specific Id 0 not set 

Ok: SimplSharpPro.exe # 21:43:09  3-08-2013  #  GetEthernetParameter: Parameter GET_CURRENT_IP_ADDRESS for specific Id 0 not set 

Ok: SimplSharpPro.exe # 21:43:09  3-08-2013  #  GetEthernetParameter: Parameter GET_CURRENT_IP_ADDRESS for specific Id 0 not set 

Ok: SimplSharpPro.exe # 21:43:09  3-08-2013  #  GetEthernetParameter: Parameter GET_CURRENT_IP_ADDRESS for specific Id 0 not set 

Ok: SimplSharpPro.exe # 21:43:09  3-08-2013  #  GetEthernetParameter: Parameter GET_CURRENT_IP_ADDRESS for specific Id 0 not set 

Ok: SimplSharpPro.exe # 21:43:09  3-08-2013  #  GetEthernetParameter: Parameter GET_CURRENT_IP_ADDRESS for specific Id 0 not set 

Ok: SimplSharpPro.exe # 21:43:09  3-08-2013  #  GetEthernetParameter: Parameter GET_CURRENT_IP_ADDRESS for specific Id 0 not set 

Ok: SimplSharpPro.exe # 21:43:09  3-08-2013  #  GetEthernetParameter: Parameter GET_CURRENT_IP_ADDRESS for specific Id 0 not set 

Ok: SimplSharpPro.exe # 21:43:09  3-08-2013  #  GetEthernetParameter: Parameter GET_CURRENT_IP_ADDRESS for specific Id 0 not set 

Ok: SimplSharpPro.exe # 21:43:09  3-08-2013  #  GetEthernetParameter: Parameter GET_CURRENT_IP_ADDRESS for specific Id 0 not set 

Ok: SimplSharpPro.exe # 21:43:09  3-08-2013  #  GetEthernetParameter: Parameter GET_CURRENT_IP_ADDRESS for specific Id 0 not set 

Ok: SimplSharpPro.exe # 21:43:09  3-08-2013  #  GetEthernetParameter: Parameter GET_CURRENT_IP_ADDRESS for specific Id 0 not set 

Ok: SimplSharpPro.exe # 21:43:09  3-08-2013  #  GetEthernetParameter: Parameter GET_CURRENT_IP_ADDRESS for specific Id 0 not set 

Ok: SimplSharpPro.exe # 21:43:09  3-08-2013  #  GetEthernetParameter: Parameter GET_CURRENT_IP_ADDRESS for specific Id 0 not set 

Ok: SimplSharpPro.exe # 21:43:09  3-08-2013  #  GetEthernetParameter: Parameter GET_CURRENT_IP_ADDRESS for specific Id 0 not set 

Ok: SimplSharpPro.exe # 21:43:09  3-08-2013  #  GetEthernetParameter: Parameter GET_CURRENT_IP_ADDRESS for specific Id 0 not set 

Ok: SimplSharpPro.exe # 21:43:09  3-08-2013  #  GetEthernetParameter: Parameter GET_CURRENT_IP_ADDRESS for specific Id 0 not set 

Ok: SimplSharpPro.exe # 21:43:09  3-08-2013  #  GetEthernetParameter: Parameter GET_CURRENT_IP_ADDRESS for specific Id 0 not set 

Ok: SimplSharpPro.exe # 21:43:09  3-08-2013  #  GetEthernetParameter: Parameter GET_CURRENT_IP_ADDRESS for specific Id 0 not set 

Ok: SimplSharpPro.exe # 21:43:09  3-08-2013  #  GetEthernetParameter: Parameter GET_CURRENT_IP_ADDRESS for specific Id 0 not set 

Ok: SimplSharpPro.exe # 21:43:09  3-08-2013  #  GetEthernetParameter: Parameter GET_CURRENT_IP_ADDRESS for specific Id 0 not set 

Ok: SimplSharpPro.exe # 21:43:09  3-08-2013  #  GetEthernetParameter: Parameter GET_CURRENT_IP_ADDRESS for specific Id 0 not set 

Ok: SimplSharpPro.exe # 21:43:09  3-08-2013  #  GetEthernetParameter: Parameter GET_CURRENT_IP_ADDRESS for specific Id 0 not set 

Ok: SimplSharpPro.exe # 21:43:09  3-08-2013  #  GetEthernetParameter: Parameter GET_CURRENT_IP_ADDRESS for specific Id 0 not set 

Ok: SimplSharpPro.exe # 21:43:09  3-08-2013  #  GetEthernetParameter: Parameter GET_CURRENT_IP_ADDRESS for specific Id 0 not set 

Info: RouterTransportProcess.exe # 21:43:09  3-08-2013  # RTP: Port Forward Entries Committed
Info: RouterTransportProcess.exe # 21:43:09  3-08-2013  # SendRouterConnectEvent: Router got connected
Ok: CIPCommandProcessor.exe # 21:43:09  3-08-2013  # Got Router connected event 
Ok: SimplSharpPro.exe # 21:43:10  3-08-2013  #  GetEthernetParameter: Parameter GET_CURRENT_IP_ADDRESS for specific Id 0 not set 

Ok: SimplSharpPro.exe # 21:43:11  3-08-2013  #  GetEthernetParameter: Parameter GET_CURRENT_IP_ADDRESS for specific Id 0 not set 

Info: TLDM.exe # 21:43:12  3-08-2013  # ConfigRouterOnStartup: Port Forward Entries Committed
Notice: CIPCommandProcessor.exe # 21:43:12  3-08-2013  # Link established on CS
Notice: CIPCommandProcessor.exe # 21:43:12  3-08-2013  # Link established on LAN
Info: TLDM.exe # 21:43:12  3-08-2013  #  Router got Connected 
Notice: ConsoleServiceCE.exe # 21:44:26  3-08-2013  # CTP Connection from: 192.168.1.205 
Info: LogicEngine.exe [App 1] # 21:45:37  3-08-2013  # Loading program from \SIMPL\app01
Info: LogicEngine.exe [App 1] # 21:45:37  3-08-2013  # Loading Program \SIMPL\app01\PRO3 - Sosna - 1Main.bin.
Warning: splusmanagerapp.exe [App 1] # 21:45:42  3-08-2013  # SIMPL+: NVRAM Contents will be cleared. - NVRAM memory profile has changed
Error: splusmanagerapp.exe # 21:45:55  3-08-2013  # Exception:Direct Socket TCPServer ProcessLogicServerErrorHandler - System.Net.Sockets.SocketException: Only one usage of each socket address (protocol/network address/port) is normally permitted
   at System.Net.Sockets.Socket.Bind(EndPoint localEP)
   Error: splusmanagerapp.exe # 21:45:55  3-08-2013  # at System.Net.Sockets.TcpListener.Start()
   at Crestron.Infrastructure.ASocketTcpServer.AcceptClient()
   at Crestron.Infrastructure.ASocketTcpServer.AcceptThread()

Error: splusmanagerapp.exe [App 1] # 21:45:57  3-08-2013  # Module S-4.2.2.13.12:S-4 : Kaleidescape_OSD_Processor_v8_2_0 at line 127: Overflow. Capacity = 10. Length = 13
Error: splusmanagerapp.exe [App 1] # 21:45:57  3-08-2013  # Module S-4.2.2.14.12:S-4 : Kaleidescape_OSD_Processor_v8_2_0 at line 127: Overflow. Capacity = 10. Length = 13
Error: splusmanagerapp.exe [App 1] # 21:45:57  3-08-2013  # Module S-4.3.6.3.12:S-4 : Kaleidescape_OSD_Processor_v8_2_0 at line 127: Overflow. Capacity = 10. Length = 12
Error: splusmanagerapp.exe [App 1] # 21:46:00  3-08-2013  # Module S-7.1.1.18.1 : Lutron_Homeworks_Interactive_RF_Keypad_Interpretation_Processor_2007_04_02 at line 154: In/Out Array accessed with index 0.  Using index 1
Error: splusmanagerapp.exe [App 1] # 21:46:00  3-08-2013  # Module S-7.1.1.18.1 : Lutron_Homeworks_Interactive_RF_Keypad_Interpretation_Processor_2007_04_02 at line 154: In/Out Array accessed with index 0.  Using index 1
Error: splusmanagerapp.exe [App 1] # 21:46:00  3-08-2013  # Module S-7.1.1.18.1 : Lutron_Homeworks_Interactive_RF_Keypad_Interpretation_Processor_2007_04_02 at line 154: In/Out Array accessed with index 0.  Using index 1
Error: splusmanagerapp.exe [App 1] # 21:46:00  3-08-2013  # Module S-7.1.1.18.1 : Lutron_Homeworks_Interactive_RF_Keypad_Interpretation_Processor_2007_04_02 at line 154: In/Out Array accessed with index 0.  Using index 1
Error: splusmanagerapp.exe [App 1] # 21:46:00  3-08-2013  # Module S-7.1.1.18.1 : Lutron_Homeworks_Interactive_RF_Keypad_Interpretation_Processor_2007_04_02 at line 154: In/Out Array accessed with index 0.  Using index 1
Error: splusmanagerapp.exe [App 1] # 21:46:00  3-08-2013  # Module S-7.1.1.18.1 : Lutron_Homeworks_Interactive_RF_Keypad_Interpretation_Processor_2007_04_02 at line 154: In/Out Array accessed with index 0.  Using index 1
Error: splusmanagerapp.exe [App 1] # 21:46:00  3-08-2013  # Module S-7.1.1.18.1 : Lutron_Homeworks_Interactive_RF_Keypad_Interpretation_Processor_2007_04_02 at line 154: In/Out Array accessed with index 0.  Using index 1
Error: splusmanagerapp.exe [App 1] # 21:46:01  3-08-2013  # Module S-7.1.1.18.1 : Lutron_Homeworks_Interactive_RF_Keypad_Interpretation_Processor_2007_04_02 at line 154: In/Out Array accessed with index 0.  Using index 1
Error: splusmanagerapp.exe [App 1] # 21:46:01  3-08-2013  # Module S-7.1.1.18.1 : Lutron_Homeworks_Interactive_RF_Keypad_Interpretation_Processor_2007_04_02 at line 154: In/Out Array accessed with index 0.  Using index 1
Error: splusmanagerapp.exe [App 1] # 21:46:01  3-08-2013  # Module S-7.1.1.18.1 : Lutron_Homeworks_Interactive_RF_Keypad_Interpretation_Processor_2007_04_02 at line 154: In/Out Array accessed with index 0.  Using index 1
Error: splusmanagerapp.exe [App 1] # 21:46:01  3-08-2013  # Module S-7.1.1.18.1 : Lutron_Homeworks_Interactive_RF_Keypad_Interpretation_Processor_2007_04_02 at line 154: In/Out Array accessed with index 0.  Using index 1
Error: splusmanagerapp.exe [App 1] # 21:46:01  3-08-2013  # Module S-7.1.1.18.1 : Lutron_Homeworks_Interactive_RF_Keypad_Interpretation_Processor_2007_04_02 at line 154: In/Out Array accessed with index 0.  Using index 1
Error: splusmanagerapp.exe [App 1] # 21:46:01  3-08-2013  # Module S-7.1.1.18.1 : Lutron_Homeworks_Interactive_RF_Keypad_Interpretation_Processor_2007_04_02 at line 154: In/Out Array accessed with index 0.  Using index 1
Error: splusmanagerapp.exe [App 1] # 21:46:01  3-08-2013  # Module S-7.1.1.18.1 : Lutron_Homeworks_Interactive_RF_Keypad_Interpretation_Processor_2007_04_02 at line 154: In/Out Array accessed with index 0.  Using index 1
Error: splusmanagerapp.exe [App 1] # 21:46:01  3-08-2013  # Module S-7.1.1.18.1 : Lutron_Homeworks_Interactive_RF_Keypad_Interpretation_Processor_2007_04_02 at line 154: In/Out Array accessed with index 0.  Using index 1
Error: splusmanagerapp.exe [App 1] # 21:46:01  3-08-2013  # Module S-7.1.1.18.1 : Lutron_Homeworks_Interactive_RF_Keypad_Interpretation_Processor_2007_04_02 at line 154: In/Out Array accessed with index 0.  Using index 1
Error: splusmanagerapp.exe [App 1] # 21:46:01  3-08-2013  # Module S-7.1.1.18.1 : Lutron_Homeworks_Interactive_RF_Keypad_Interpretation_Processor_2007_04_02 at line 154: In/Out Array accessed with index 0.  Using index 1
Error: splusmanagerapp.exe [App 1] # 21:46:01  3-08-2013  # Module S-7.1.1.18.1 : Lutron_Homeworks_Interactive_RF_Keypad_Interpretation_Processor_2007_04_02 at line 154: In/Out Array accessed with index 0.  Using index 1
Error: splusmanagerapp.exe [App 1] # 21:46:01  3-08-2013  # Module S-7.1.1.18.1 : Lutron_Homeworks_Interactive_RF_Keypad_Interpretation_Processor_2007_04_02 at line 154: In/Out Array accessed with index 0.  Using index 1
Error: splusmanagerapp.exe [App 1] # 21:46:01  3-08-2013  # Module S-7.1.1.18.1 : Lutron_Homeworks_Interactive_RF_Keypad_Interpretation_Processor_2007_04_02 at line 154: In/Out Array accessed with index 0.  Using index 1
Error: splusmanagerapp.exe [App 1] # 21:46:01  3-08-2013  # Module S-7.1.1.18.1 : Lutron_Homeworks_Interactive_RF_Keypad_Interpretation_Processor_2007_04_02 at line 154: In/Out Array accessed with index 0.  Using index 1
Error: splusmanagerapp.exe [App 1] # 21:46:01  3-08-2013  # Module S-7.1.1.18.1 : Lutron_Homeworks_Interactive_RF_Keypad_Interpretation_Processor_2007_04_02 at line 154: In/Out Array accessed with index 0.  Using index 1
Error: splusmanagerapp.exe [App 1] # 21:46:01  3-08-2013  # Module S-7.1.1.18.1 : Lutron_Homeworks_Interactive_RF_Keypad_Interpretation_Processor_2007_04_02 at line 154: In/Out Array accessed with index 0.  Using index 1
Error: splusmanagerapp.exe [App 1] # 21:46:01  3-08-2013  # Module S-7.1.1.18.1 : Lutron_Homeworks_Interactive_RF_Keypad_Interpretation_Processor_2007_04_02 at line 154: In/Out Array accessed with index 0.  Using index 1
Notice: LogicEngine.exe # 21:46:04  3-08-2013  # **Program 1 Started**
Info: LogicEngine.exe [App 1] # 21:46:04  3-08-2013  #  Going to steady state now 
Notice: CIPCommandProcessor.exe # 21:46:21  3-08-2013  #  TCPClient App 1 IP-ID 10 Connection Status eCLIENT_SERVER_CONNECTED. Not restarting client connect task 

Error: splusmanagerapp.exe [App 1] # 21:46:32  3-08-2013  # Module S-3.2.3 : MTROL_Area_Source_Mapping__2007_12_14 at line 149: In/Out Array accessed with index 0.  Using index 1
Error: splusmanagerapp.exe [App 1] # 21:46:32  3-08-2013  # Module S-3.2.3 : MTROL_Area_Source_Mapping__2007_12_14 at line 150: In/Out Array accessed with index 0.  Using index 1
Error: splusmanagerapp.exe [App 1] # 21:46:32  3-08-2013  # Module S-3.4.3 : MTROL_Area_Source_Mapping__2007_12_14 at line 149: In/Out Array accessed with index 0.  Using index 1
Error: splusmanagerapp.exe [App 1] # 21:46:32  3-08-2013  # Module S-3.5.3 : MTROL_Area_Source_Mapping__2007_12_14 at line 149: In/Out Array accessed with index 0.  Using index 1
Error: splusmanagerapp.exe [App 1] # 21:46:33  3-08-2013  # Module S-3.4.3 : MTROL_Area_Source_Mapping__2007_12_14 at line 150: In/Out Array accessed with index 0.  Using index 1
Error: splusmanagerapp.exe [App 1] # 21:46:33  3-08-2013  # Module S-3.5.3 : MTROL_Area_Source_Mapping__2007_12_14 at line 150: In/Out Array accessed with index 0.  Using index 1
Error: splusmanagerapp.exe [App 1] # 21:46:36  3-08-2013  # Module S-5.1.1.14 : Text_Update_64__2007_10_30 at line 173: In/Out Array index out of bounds.  Index: 72, Length: 65
Error: splusmanagerapp.exe [App 1] # 21:46:36  3-08-2013  # Module S-5.1.1.14 : Text_Update_64__2007_10_30 at line 174: In/Out Array index out of bounds.  Index: 72, Length: 65
Error: splusmanagerapp.exe [App 1] # 21:46:36  3-08-2013  # Module S-5.1.1.14 : Text_Update_64__2007_10_30 at line 175: Array out of bounds access
Warning: splusmanagerapp.exe [App 1] # 21:47:13  3-08-2013  # Module S-3.11.3.3 : Xpoint_Connector__2007_02_01_Rev1 at line 106: UpdateInputValue: Could not get m_BufferReadyEvent
Error: splusmanagerapp.exe [App 1] # 21:47:15  3-08-2013  # Module S-4.2.1.3.8:S-21.7 : C2N_TXM_Guide_Engine_v2_0 at line 1147: Buffer Input overflow. New = 5095, Max = 5000
Error: splusmanagerapp.exe [App 1] # 21:47:15  3-08-2013  # Module S-4.2.1.3.8:S-21.7 : C2N_TXM_Guide_Engine_v2_0 at line 1147: Buffer Input overflow. New = 5232, Max = 5000
Error: splusmanagerapp.exe [App 1] # 21:47:15  3-08-2013  # Module S-4.2.1.3.8:S-21.7 : C2N_TXM_Guide_Engine_v2_0 at line 1147: Buffer Input overflow. New = 5241, Max = 5000
Error: splusmanagerapp.exe [App 1] # 21:47:15  3-08-2013  # Module S-4.2.1.3.8:S-21.7 : C2N_TXM_Guide_Engine_v2_0 at line 1147: Buffer Input overflow. New = 5194, Max = 5000
Error: splusmanagerapp.exe [App 1] # 21:47:15  3-08-2013  # Module S-4.2.1.4.8:S-21.7 : C2N_TXM_Guide_Engine_v2_0 at line 1147: Buffer Input overflow. New = 5009, Max = 5000
Error: splusmanagerapp.exe [App 1] # 21:47:15  3-08-2013  # Module S-4.2.1.3.8:S-21.7 : C2N_TXM_Guide_Engine_v2_0 at line 1147: Buffer Input overflow. New = 5176, Max = 5000
Error: splusmanagerapp.exe [App 1] # 21:47:15  3-08-2013  # Module S-4.2.1.4.8:S-21.7 : C2N_TXM_Guide_Engine_v2_0 at line 1147: Buffer Input overflow. New = 5233, Max = 5000
Error: splusmanagerapp.exe [App 1] # 21:47:15  3-08-2013  # Module S-4.2.1.3.8:S-21.7 : C2N_TXM_Guide_Engine_v2_0 at line 1147: Buffer Input overflow. New = 5240, Max = 5000
Error: splusmanagerapp.exe [App 1] # 21:47:15  3-08-2013  # Module S-4.2.1.4.8:S-21.7 : C2N_TXM_Guide_Engine_v2_0 at line 1147: Buffer Input overflow. New = 5229, Max = 5000
Error: splusmanagerapp.exe [App 1] # 21:47:15  3-08-2013  # Module S-4.2.1.3.8:S-21.7 : C2N_TXM_Guide_Engine_v2_0 at line 1147: Buffer Input overflow. New = 5184, Max = 5000
Error: splusmanagerapp.exe [App 1] # 21:47:15  3-08-2013  # Module S-4.2.1.4.8:S-21.7 : C2N_TXM_Guide_Engine_v2_0 at line 1147: Buffer Input overflow. New = 5193, Max = 5000
Error: splusmanagerapp.exe [App 1] # 21:47:15  3-08-2013  # Module S-4.2.1.3.8:S-21.7 : C2N_TXM_Guide_Engine_v2_0 at line 1147: Buffer Input overflow. New = 5164, Max = 5000
Error: splusmanagerapp.exe [App 1] # 21:47:15  3-08-2013  # Module S-4.2.1.4.8:S-21.7 : C2N_TXM_Guide_Engine_v2_0 at line 1147: Buffer Input overflow. New = 5242, Max = 5000
Error: splusmanagerapp.exe [App 1] # 21:47:15  3-08-2013  # Module S-4.2.1.3.8:S-21.7 : C2N_TXM_Guide_Engine_v2_0 at line 1147: Buffer Input overflow. New = 5117, Max = 5000
Error: splusmanagerapp.exe [App 1] # 21:47:15  3-08-2013  # Module S-4.2.1.4.8:S-21.7 : C2N_TXM_Guide_Engine_v2_0 at line 1147: Buffer Input overflow. New = 5192, Max = 5000
Error: splusmanagerapp.exe [App 1] # 21:47:15  3-08-2013  # Module S-4.2.1.3.8:S-21.7 : C2N_TXM_Guide_Engine_v2_0 at line 1147: Buffer Input overflow. New = 5012, Max = 5000
Error: splusmanagerapp.exe [App 1] # 21:47:15  3-08-2013  # Module S-4.2.1.4.8:S-21.7 : C2N_TXM_Guide_Engine_v2_0 at line 1147: Buffer Input overflow. New = 5239, Max = 5000
Error: splusmanagerapp.exe [App 1] # 21:47:15  3-08-2013  # Module S-4.2.1.3.8:S-21.7 : C2N_TXM_Guide_Engine_v2_0 at line 1147: Buffer Input overflow. New = 5090, Max = 5000
Error: splusmanagerapp.exe [App 1] # 21:47:15  3-08-2013  # Module S-4.2.1.4.8:S-21.7 : C2N_TXM_Guide_Engine_v2_0 at line 1147: Buffer Input overflow. New = 5199, Max = 5000
Error: splusmanagerapp.exe [App 1] # 21:47:15  3-08-2013  # Module S-4.2.1.3.8:S-21.7 : C2N_TXM_Guide_Engine_v2_0 at line 1147: Buffer Input overflow. New = 5044, Max = 5000
Error: splusmanagerapp.exe [App 1] # 21:47:15  3-08-2013  # Module S-4.2.1.4.8:S-21.7 : C2N_TXM_Guide_Engine_v2_0 at line 1147: Buffer Input overflow. New = 5012, Max = 5000
Error: splusmanagerapp.exe [App 1] # 21:47:15  3-08-2013  # Module S-4.2.1.3.8:S-21.7 : C2N_TXM_Guide_Engine_v2_0 at line 1147: Buffer Input overflow. New = 5041, Max = 5000
Error: splusmanagerapp.exe [App 1] # 21:47:15  3-08-2013  # Module S-4.2.1.4.8:S-21.7 : C2N_TXM_Guide_Engine_v2_0 at line 1147: Buffer Input overflow. New = 5012, Max = 5000
Error: splusmanagerapp.exe [App 1] # 21:47:15  3-08-2013  # Module S-4.2.1.3.8:S-21.7 : C2N_TXM_Guide_Engine_v2_0 at line 1147: Buffer Input overflow. New = 5037, Max = 5000
Error: splusmanagerapp.exe [App 1] # 21:47:15  3-08-2013  # Module S-4.2.1.3.8:S-21.7 : C2N_TXM_Guide_Engine_v2_0 at line 1147: Buffer Input overflow. New = 5012, Max = 5000
Error: splusmanagerapp.exe [App 1] # 21:47:15  3-08-2013  # Module S-4.2.1.3.8:S-21.7 : C2N_TXM_Guide_Engine_v2_0 at line 1147: Buffer Input overflow. New = 5042, Max = 5000
Error: splusmanagerapp.exe [App 1] # 21:47:15  3-08-2013  # Module S-4.2.1.3.8:S-21.7 : C2N_TXM_Guide_Engine_v2_0 at line 1147: Buffer Input overflow. New = 5144, Max = 5000
Error: splusmanagerapp.exe [App 1] # 21:47:15  3-08-2013  # Module S-4.2.1.3.8:S-21.7 : C2N_TXM_Guide_Engine_v2_0 at line 1147: Buffer Input overflow. New = 5157, Max = 5000
Error: splusmanagerapp.exe [App 1] # 21:47:15  3-08-2013  # Module S-4.2.1.3.8:S-21.7 : C2N_TXM_Guide_Engine_v2_0 at line 1147: Buffer Input overflow. New = 5012, Max = 5000
Error: splusmanagerapp.exe [App 1] # 21:47:15  3-08-2013  # Module S-4.2.1.3.8:S-21.7 : C2N_TXM_Guide_Engine_v2_0 at line 1147: Buffer Input overflow. New = 5064, Max = 5000
Error: splusmanagerapp.exe [App 1] # 21:47:15  3-08-2013  # Module S-4.2.1.3.8:S-21.7 : C2N_TXM_Guide_Engine_v2_0 at line 1147: Buffer Input overflow. New = 5095, Max = 5000
Error: splusmanagerapp.exe [App 1] # 21:47:15  3-08-2013  # Module S-4.2.1.3.8:S-21.7 : C2N_TXM_Guide_Engine_v2_0 at line 1147: Buffer Input overflow. New = 5087, Max = 5000
Error: splusmanagerapp.exe [App 1] # 21:47:15  3-08-2013  # Module S-4.2.1.3.8:S-21.7 : C2N_TXM_Guide_Engine_v2_0 at line 1147: Buffer Input overflow. New = 5047, Max = 5000
Error: splusmanagerapp.exe [App 1] # 21:47:15  3-08-2013  # Module S-4.2.1.3.8:S-21.7 : C2N_TXM_Guide_Engine_v2_0 at line 1147: Buffer Input overflow. New = 5044, Max = 5000
Error: splusmanagerapp.exe [App 1] # 21:47:15  3-08-2013  # Module S-4.2.1.3.8:S-21.7 : C2N_TXM_Guide_Engine_v2_0 at line 1147: Buffer Input overflow. New = 5038, Max = 5000
Error: splusmanagerapp.exe [App 1] # 21:47:15  3-08-2013  # Module S-4.2.1.4.8:S-21.7 : C2N_TXM_Guide_Engine_v2_0 at line 1147: Buffer Input overflow. New = 5234, Max = 5000
Error: splusmanagerapp.exe [App 1] # 21:47:15  3-08-2013  # Module S-4.2.1.3.8:S-21.7 : C2N_TXM_Guide_Engine_v2_0 at line 1147: Buffer Input overflow. New = 5012, Max = 5000
Error: splusmanagerapp.exe [App 1] # 21:47:15  3-08-2013  # Module S-4.2.1.3.8:S-21.7 : C2N_TXM_Guide_Engine_v2_0 at line 1147: Buffer Input overflow. New = 5049, Max = 5000
Error: splusmanagerapp.exe [App 1] # 21:47:15  3-08-2013  # Module S-4.2.1.3.8:S-21.7 : C2N_TXM_Guide_Engine_v2_0 at line 1147: Buffer Input overflow. New = 5050, Max = 5000
Error: splusmanagerapp.exe [App 1] # 21:47:16  3-08-2013  # Module S-4.2.1.4.8:S-21.7 : C2N_TXM_Guide_Engine_v2_0 at line 1147: Buffer Input overflow. New = 5202, Max = 5000
Warning: splusmanagerapp.exe [App 1] # 21:47:22  3-08-2013  # Module S-3.2.8 : MTROL_Area_Digital_Mapping__2007_12_14 at line 179: UpdateInputValue: Could not get m_BufferReadyEvent
Ok: splusmanagerapp.exe [App 1] # 21:47:25  3-08-2013  # Module S-3.2.8 : MTROL_Area_Digital_Mapping__2007_12_14 at line 179: Unhandled Exception: System.ArgumentOutOfRangeException: Specified argument was out of the range of valid values.
   at System.Text.StringBuilder.Remove(Int32 startIndex, Int32 length)Ok: splusmanagerapp.exe [App 1] # 21:47:26  3-08-2013  # 
   at Crestron.Logos.SplusObjects.CrestronString.Remove(Int32 length, Boolean bGrabLock)
   at Crestron.Logos.SplusObjects.CrestronString.Remove(Int32 length)
   at Crestron.Logos.SplusObjects.CrestronString.Remove(String matchStr, Int32 startPos)
   Ok: splusmanagerapp.exe [App 1] # 21:47:26  3-08-2013  # at Crestron.Logos.SplusLibrary.Functions.Remove(String matchStr, CrestronString input)
   at UserModule_MTROL_AREA_DIGITAL_MAPPING__2007_12_14.UserModuleClass_MTROL_AREA_DIGITAL_MAPPING__2007_12_14.AREA_LEVEL__DOLLAR___OnChange_1(Object __EventInfo__)
 Ok: splusmanagerapp.exe [App 1] # 21:47:27  3-08-2013  #   at Amib.Threading.Internal.WorkItem.ExecuteWorkItem()
   at Amib.Threading.Internal.WorkItem.Execute()
   at Amib.Threading.SmartThreadPool.ExecuteWorkItem(WorkItem workItem)
   at Amib.Threading.SmartThreadPool.ProcessQueuedItems()

Info: LogicEngine.exe [App 2] # 21:51:55  3-08-2013  # Loading program from \SIMPL\app02
Info: LogicEngine.exe [App 2] # 21:51:55  3-08-2013  # Loading Program \SIMPL\app02\PRO3 - Sosna - 2Climate.bin.
Warning: splusmanagerapp.exe [App 2] # 21:51:57  3-08-2013  # SIMPL+: NVRAM Contents will be cleared. - NVRAM memory profile has changed
Notice: LogicEngine.exe # 21:52:04  3-08-2013  # **Program 2 Started**
Info: LogicEngine.exe [App 2] # 21:52:04  3-08-2013  #  Going to steady state now 
Error: TLDM.exe # 21:52:11  3-08-2013  #  CTHALCresnetDriverInterface: Timed out while waiting for cresnet driver to indicate operation done 
Error: TLDM.exe # 21:52:14  3-08-2013  #  CTHALCresnetDriverInterface: Timed out while waiting for cresnet driver to indicate operation done 
Error: TLDM.exe # 21:52:17  3-08-2013  #  CTHALCresnetDriverInterface: Timed out while waiting for cresnet driver to indicate operation done 
Error: TLDM.exe # 21:52:20  3-08-2013  #  CTHALCresnetDriverInterface: Timed out while waiting for cresnet driver to indicate operation done 
Error: TLDM.exe # 21:52:23  3-08-2013  #  CTHALCresnetDriverInterface: Timed out while waiting for cresnet driver to indicate operation done 
Error: TLDM.exe # 21:52:26  3-08-2013  #  CTHALCresnetDriverInterface: Timed out while waiting for cresnet driver to indicate operation done 
Error: TLDM.exe # 21:52:29  3-08-2013  #  CTHALCresnetDriverInterface: Timed out while waiting for cresnet driver to indicate operation done 
Error: TLDM.exe # 21:52:32  3-08-2013  #  CTHALCresnetDriverInterface: Timed out while waiting for cresnet driver to indicate operation done 
Error: TLDM.exe # 21:52:35  3-08-2013  #  CTHALCresnetDriverInterface: Timed out while waiting for cresnet driver to indicate operation done 
Error: TLDM.exe # 21:52:38  3-08-2013  #  CTHALCresnetDriverInterface: Timed out while waiting for cresnet driver to indicate operation done 
Error: TLDM.exe # 21:52:41  3-08-2013  #  CTHALCresnetDriverInterface: Timed out while waiting for cresnet driver to indicate operation done 
Error: TLDM.exe # 21:52:44  3-08-2013  #  CTHALCresnetDriverInterface: Timed out while waiting for cresnet driver to indicate operation done 
Error: TLDM.exe # 21:52:47  3-08-2013  #  CTHALCresnetDriverInterface: Timed out while waiting for cresnet driver to indicate operation done 
Error: TLDM.exe # 21:52:50  3-08-2013  #  CTHALCresnetDriverInterface: Timed out while waiting for cresnet driver to indicate operation done 
Error: TLDM.exe # 21:52:53  3-08-2013  #  CTHALCresnetDriverInterface: Timed out while waiting for cresnet driver to indicate operation done 
Error: TLDM.exe # 21:52:56  3-08-2013  #  CTHALCresnetDriverInterface: Timed out while waiting for cresnet driver to indicate operation done 
Error: TLDM.exe # 21:52:59  3-08-2013  #  CTHALCresnetDriverInterface: Timed out while waiting for cresnet driver to indicate operation done 
Error: TLDM.exe # 21:53:02  3-08-2013  #  CTHALCresnetDriverInterface: Timed out while waiting for cresnet driver to indicate operation done 
Error: TLDM.exe # 21:53:05  3-08-2013  #  CTHALCresnetDriverInterface: Timed out while waiting for cresnet driver to indicate operation done 
Error: TLDM.exe # 21:53:08  3-08-2013  #  CTHALCresnetDriverInterface: Timed out while waiting for cresnet driver to indicate operation done 
Error: TLDM.exe # 21:53:11  3-08-2013  #  CTHALCresnetDriverInterface: Timed out while waiting for cresnet driver to indicate operation done 
Error: TLDM.exe # 21:53:14  3-08-2013  #  CTHALCresnetDriverInterface: Timed out while waiting for cresnet driver to indicate operation done 
Error: TLDM.exe # 21:53:17  3-08-2013  #  CTHALCresnetDriverInterface: Timed out while waiting for cresnet driver to indicate operation done 
Error: TLDM.exe # 21:53:20  3-08-2013  #  CTHALCresnetDriverInterface: Timed out while waiting for cresnet driver to indicate operation done 
Error: TLDM.exe # 21:53:23  3-08-2013  #  CTHALCresnetDriverInterface: Timed out while waiting for cresnet driver to indicate operation done 
Error: TLDM.exe # 21:53:26  3-08-2013  #  CTHALCresnetDriverInterface: Timed out while waiting for cresnet driver to indicate operation done 
Error: TLDM.exe # 21:53:29  3-08-2013  #  CTHALCresnetDriverInterface: Timed out while waiting for cresnet driver to indicate operation done 
Error: TLDM.exe # 21:53:29  3-08-2013  #  Transaction Id returned (0xfd0) does not match current transaction Id (0xfeb). Dropping packet on the floor 
Error: TLDM.exe # 21:53:29  3-08-2013  #  Transaction Id returned (0xfd1) does not match current transaction Id (0xfeb). Dropping packet on the floor 
Error: TLDM.exe # 21:53:29  3-08-2013  #  Transaction Id returned (0xfd2) does not match current transaction Id (0xfeb). Dropping packet on the floor 
Error: TLDM.exe # 21:53:29  3-08-2013  #  Transaction Id returned (0xfd3) does not match current transaction Id (0xfeb). Dropping packet on the floor 
Error: TLDM.exe # 21:53:29  3-08-2013  #  Transaction Id returned (0xfd4) does not match current transaction Id (0xfeb). Dropping packet on the floor 
Error: TLDM.exe # 21:53:29  3-08-2013  #  Transaction Id returned (0xfd5) does not match current transaction Id (0xfeb). Dropping packet on the floor 
Error: TLDM.exe # 21:53:29  3-08-2013  #  Transaction Id returned (0xfd6) does not match current transaction Id (0xfeb). Dropping packet on the floor 
Error: TLDM.exe # 21:53:29  3-08-2013  #  Transaction Id returned (0xfd7) does not match current transaction Id (0xfeb). Dropping packet on the floor 
Error: TLDM.exe # 21:53:29  3-08-2013  #  Transaction Id returned (0xfd8) does not match current transaction Id (0xfeb). Dropping packet on the floor 
Error: TLDM.exe # 21:53:29  3-08-2013  #  Transaction Id returned (0xfd9) does not match current transaction Id (0xfeb). Dropping packet on the floor 
Error: TLDM.exe # 21:53:30  3-08-2013  #  Transaction Id returned (0xfda) does not match current transaction Id (0xfeb). Dropping packet on the floor 
Error: TLDM.exe # 21:53:30  3-08-2013  #  Transaction Id returned (0xfdb) does not match current transaction Id (0xfeb). Dropping packet on the floor 
Error: TLDM.exe # 21:53:30  3-08-2013  #  Transaction Id returned (0xfdc) does not match current transaction Id (0xfeb). Dropping packet on the floor 
Error: TLDM.exe # 21:53:30  3-08-2013  #  Transaction Id returned (0xfdd) does not match current transaction Id (0xfeb). Dropping packet on the floor 
Error: TLDM.exe # 21:53:30  3-08-2013  #  Transaction Id returned (0xfde) does not match current transaction Id (0xfeb). Dropping packet on the floor 
Error: TLDM.exe # 21:53:30  3-08-2013  #  Transaction Id returned (0xfdf) does not match current transaction Id (0xfeb). Dropping packet on the floor 
Error: TLDM.exe # 21:53:30  3-08-2013  #  Transaction Id returned (0xfe0) does not match current transaction Id (0xfeb). Dropping packet on the floor 
Error: TLDM.exe # 21:53:30  3-08-2013  #  Transaction Id returned (0xfe1) does not match current transaction Id (0xfeb). Dropping packet on the floor 
Error: TLDM.exe # 21:53:30  3-08-2013  #  Transaction Id returned (0xfe2) does not match current transaction Id (0xfeb). Dropping packet on the floor 
Error: TLDM.exe # 21:53:30  3-08-2013  #  Transaction Id returned (0xfe3) does not match current transaction Id (0xfeb). Dropping packet on the floor 
Error: TLDM.exe # 21:53:30  3-08-2013  #  Transaction Id returned (0xfe4) does not match current transaction Id (0xfeb). Dropping packet on the floor 
Error: TLDM.exe # 21:53:30  3-08-2013  #  Transaction Id returned (0xfe5) does not match current transaction Id (0xfeb). Dropping packet on the floor 
Error: TLDM.exe # 21:53:30  3-08-2013  #  Transaction Id returned (0xfe6) does not match current transaction Id (0xfeb). Dropping packet on the floor 
Error: TLDM.exe # 21:53:30  3-08-2013  #  Transaction Id returned (0xfe7) does not match current transaction Id (0xfeb). Dropping packet on the floor 
Error: TLDM.exe # 21:53:30  3-08-2013  #  Transaction Id returned (0xfe8) does not match current transaction Id (0xfeb). Dropping packet on the floor 
Error: TLDM.exe # 21:53:30  3-08-2013  #  Transaction Id returned (0xfe9) does not match current transaction Id (0xfeb). Dropping packet on the floor 
Error: TLDM.exe # 21:53:30  3-08-2013  #  Transaction Id returned (0xfea) does not match current transaction Id (0xfeb). Dropping packet on the floor 
Error: TLDM.exe # 21:53:33  3-08-2013  #  CTHALCresnetDriverInterface: Timed out while waiting for cresnet driver to indicate operation done 
Error: TLDM.exe # 21:53:36  3-08-2013  #  CTHALCresnetDriverInterface: Timed out while waiting for cresnet driver to indicate operation done 
Error: TLDM.exe # 21:53:39  3-08-2013  #  CTHALCresnetDriverInterface: Timed out while waiting for cresnet driver to indicate operation done 
Error: TLDM.exe # 21:53:42  3-08-2013  #  CTHALCresnetDriverInterface: Timed out while waiting for cresnet driver to indicate operation done 
Error: TLDM.exe # 21:53:45  3-08-2013  #  CTHALCresnetDriverInterface: Timed out while waiting for cresnet driver to indicate operation done 
Error: TLDM.exe # 21:53:48  3-08-2013  #  CTHALCresnetDriverInterface: Timed out while waiting for cresnet driver to indicate operation done 
Error: TLDM.exe # 21:53:51  3-08-2013  #  CTHALCresnetDriverInterface: Timed out while waiting for cresnet driver to indicate operation done 
Error: TLDM.exe # 21:53:54  3-08-2013  #  CTHALCresnetDriverInterface: Timed out while waiting for cresnet driver to indicate operation done 
Error: TLDM.exe # 21:53:57  3-08-2013  #  CTHALCresnetDriverInterface: Timed out while waiting for cresnet driver to indicate operation done 
Error: TLDM.exe # 21:54:00  3-08-2013  #  CTHALCresnetDriverInterface: Timed out while waiting for cresnet driver to indicate operation done 
Error: TLDM.exe # 21:54:03  3-08-2013  #  CTHALCresnetDriverInterface: Timed out while waiting for cresnet driver to indicate operation done 
Error: TLDM.exe # 21:54:06  3-08-2013  #  CTHALCresnetDriverInterface: Timed out while waiting for cresnet driver to indicate operation done 
Error: TLDM.exe # 21:54:09  3-08-2013  #  CTHALCresnetDriverInterface: Timed out while waiting for cresnet driver to indicate operation done 
Error: TLDM.exe # 21:54:12  3-08-2013  #  CTHALCresnetDriverInterface: Timed out while waiting for cresnet driver to indicate operation done 
Error: LogicEngine.exe # 21:54:22  3-08-2013  # SendMessageToTLDM. Error on send. Error Code 0x5b4
Error: LogicEngine.exe [App 1] # 21:54:22  3-08-2013  # Slot-04.ID-1F could not send data to TLDM - packet: [1F][03][12][01][06]
Error: LogicEngine.exe [App 1] # 21:54:23  3-08-2013  # Symbol Queue Overflow for symbol Slot-05.IP-ID-F1 (Status: QueueReturn: 0, Timeout=20000 ms, 100 enqueued, 0 available.)
Error: LogicEngine.exe # 21:54:32  3-08-2013  # SendMessageToTLDM. Error on send. Error Code 0x5b4
Error: LogicEngine.exe [App 1] # 21:54:32  3-08-2013  # Slot-04.ID-1F could not send data to TLDM - packet: [1F][09][12][01][0A][30][32][32][30][32][32]
Error: LogicEngine.exe # 21:54:42  3-08-2013  # SendMessageToTLDM. Error on send. Error Code 0x5b4
Error: LogicEngine.exe [App 1] # 21:54:42  3-08-2013  # Slot-04.ID-1F could not send data to TLDM - packet: [1F][09][12][01][0A][30][32][32][30][32][32]
Error: LogicEngine.exe [App 1] # 21:54:52  3-08-2013  # Symbol Queue Overflow for symbol Slot-05.IP-ID-F1 (Status: QueueReturn: 0, Timeout=20000 ms, 100 enqueued, 0 available.)
Error: LogicEngine.exe # 21:54:52  3-08-2013  # SendMessageToTLDM. Error on send. Error Code 0x5b4
Error: LogicEngine.exe [App 1] # 21:54:52  3-08-2013  # Slot-04.ID-1F could not send data to TLDM - packet: [1F][03][12][01][06]
Error: LogicEngine.exe # 21:55:02  3-08-2013  # SendMessageToTLDM. Error on send. Error Code 0x5b4
Error: LogicEngine.exe [App 1] # 21:55:02  3-08-2013  # Slot-04.ID-1F could not send data to TLDM - packet: [1F][09][12][01][0A][30][32][32][30][32][32]
Error: TLDM.exe # 21:55:12  3-08-2013  #  CTHALCresnetDriverInterface: Timed out while waiting for SendReportCresnetMessageToDriver  done 
Error: TLDM.exe # 21:55:12  3-08-2013  # BuildAndSendReportCresnetMessage - Sending failed with code 0x102 
Error: LogicEngine.exe [App 1] # 21:55:12  3-08-2013  # Symbol Queue Overflow for symbol Slot-05.IP-ID-F1 (Status: QueueReturn: 0, Timeout=20000 ms, 100 enqueued, 0 available.)
Error: LogicEngine.exe # 21:55:12  3-08-2013  # SendMessageToTLDM. Error on send. Error Code 0x5b4
Error: LogicEngine.exe [App 1] # 21:55:12  3-08-2013  # Slot-04.ID-1F could not send data to TLDM - packet: [1F][09][12][01][0A][30][32][32][30][32][32]
Error: TLDM.exe # 21:55:15  3-08-2013  #  CTHALCresnetDriverInterface: Timed out while waiting for cresnet driver to indicate operation done 
Error: TLDM.exe # 21:55:18  3-08-2013  #  CTHALCresnetDriverInterface: Timed out while waiting for cresnet driver to indicate operation done 
EP1: WriteMsgQueue: Error (1460) queueing pkt 
Error: TLDM.exe # 21:55:21  3-08-2013  #  CTHALCresnetDriverInterface: Timed out while waiting for cresnet driver to indicate operation done 
EP1: WriteMsgQueue: Error (1460) queueing pkt 
EP1: WriteMsgQueue: Error (1460) queueing pkt 
EP1: WriteMsgQueue: Error (1460) queueing pkt 
Error: TLDM.exe # 21:55:24  3-08-2013  #  CTHALCresnetDriverInterface: Timed out while waiting for cresnet driver to indicate operation done 
EP1: WriteMsgQueue: Error (1460) queueing pkt 
EP1: WriteMsgQueue: Error (1460) queueing pkt 
EP1: WriteMsgQueue: Error (1460) queueing pkt 
EP1: WriteMsgQueue: Error (1460) queueing pkt 
Error: TLDM.exe # 21:55:27  3-08-2013  #  CTHALCresnetDriverInterface: Timed out while waiting for cresnet driver to indicate operation done 
EP1: WriteMsgQueue: Error (1460) queueing pkt 
EP1: WriteMsgQueue: Error (1460) queueing pkt 
EP1: WriteMsgQueue: Error (1460) queueing pkt 
Error: TLDM.exe # 21:55:30  3-08-2013  #  CTHALCresnetDriverInterface: Timed out while waiting for cresnet driver to indicate operation done 
EP1: WriteMsgQueue: Error (1460) queueing pkt 
EP1: WriteMsgQueue: Error (1460) queueing pkt 
Error: TLDM.exe # 21:55:33  3-08-2013  #  CTHALCresnetDriverInterface: Timed out while waiting for cresnet driver to indicate operation done 
EP1: WriteMsgQueue: Error (1460) queueing pkt 
EP1: WriteMsgQueue: Error (1460) queueing pkt 
EP1: WriteMsgQueue: Error (1460) queueing pkt 
EP1: WriteMsgQueue: Error (1460) queueing pkt 
Error: TLDM.exe # 21:55:36  3-08-2013  #  CTHALCresnetDriverInterface: Timed out while waiting for cresnet driver to indicate operation done 
EP1: WriteMsgQueue: Error (1460) queueing pkt 
EP1: WriteMsgQueue: Error (1460) queueing pkt 
EP1: WriteMsgQueue: Error (1460) queueing pkt 
EP1: WriteMsgQueue: Error (1460) queueing pkt 
EP1: WriteMsgQueue: Error (1460) queueing pkt 
EP1: WriteMsgQueue: Error (1460) queueing pkt 
EP1: WriteMsgQueue: Error (1460) queueing pkt 
Error: TLDM.exe # 21:55:39  3-08-2013  #  CTHALCresnetDriverInterface: Timed out while waiting for cresnet driver to indicate operation done 
EP1: WriteMsgQueue: Error (1460) queueing pkt 
EP1: WriteMsgQueue: Error (1460) queueing pkt 
EP1: WriteMsgQueue: Error (1460) queueing pkt 
Error: TLDM.exe # 21:55:42  3-08-2013  #  CTHALCresnetDriverInterface: Timed out while waiting for cresnet driver to indicate operation done 
EP1: WriteMsgQueue: Error (1460) queueing pkt 
EP1: WriteMsgQueue: Error (1460) queueing pkt 
EP1: WriteMsgQueue: Error (1460) queueing pkt 
Error: TLDM.exe # 21:55:45  3-08-2013  #  CTHALCresnetDriverInterface: Timed out while waiting for cresnet driver to indicate operation done 
EP1: WriteMsgQueue: Error (1460) queueing pkt 
EP1: WriteMsgQueue: Error (1460) queueing pkt 
EP1: WriteMsgQueue: Error (1460) queueing pkt 
Error: TLDM.exe # 21:55:48  3-08-2013  #  CTHALCresnetDriverInterface: Timed out while waiting for cresnet driver to indicate operation done 
EP1: WriteMsgQueue: Error (1460) queueing pkt 
EP1: WriteMsgQueue: Error (1460) queueing pkt 
EP1: WriteMsgQueue: Error (1460) queueing pkt 
Error: TLDM.exe # 21:55:51  3-08-2013  #  CTHALCresnetDriverInterface: Timed out while waiting for cresnet driver to indicate operation done 
EP1: WriteMsgQueue: Error (1460) queueing pkt 
EP1: WriteMsgQueue: Error (1460) queueing pkt 
EP1: WriteMsgQueue: Error (1460) queueing pkt 
EP1: WriteMsgQueue: Error (1460) queueing pkt 
EP1: WriteMsgQueue: Error (1460) queueing pkt 
EP1: WriteMsgQueue: Error (1460) queueing pkt 
Error: TLDM.exe # 21:55:54  3-08-2013  #  CTHALCresnetDriverInterface: Timed out while waiting for cresnet driver to indicate operation done 
EP1: WriteMsgQueue: Error (1460) queueing pkt 
EP1: WriteMsgQueue: Error (1460) queueing pkt 
Error: TLDM.exe # 21:55:57  3-08-2013  #  CTHALCresnetDriverInterface: Timed out while waiting for cresnet driver to indicate operation done 
EP1: WriteMsgQueue: Error (1460) queueing pkt 
EP1: WriteMsgQueue: Error (1460) queueing pkt 
EP1: WriteMsgQueue: Error (1460) queueing pkt 
EP1: WriteMsgQueue: Error (1460) queueing pkt 
Error: TLDM.exe # 21:56:00  3-08-2013  #  CTHALCresnetDriverInterface: Timed out while waiting for cresnet driver to indicate operation done 
EP1: WriteMsgQueue: Error (1460) queueing pkt 
EP1: WriteMsgQueue: Error (1460) queueing pkt 
EP1: WriteMsgQueue: Error (1460) queueing pkt 
Error: TLDM.exe # 21:56:03  3-08-2013  #  CTHALCresnetDriverInterface: Timed out while waiting for cresnet driver to indicate operation done 
EP1: WriteMsgQueue: Error (1460) queueing pkt 
EP1: WriteMsgQueue: Error (1460) queueing pkt 
EP1: WriteMsgQueue: Error (1460) queueing pkt 
EP1: WriteMsgQueue: Error (1460) queueing pkt 
EP1: WriteMsgQueue: Error (1460) queueing pkt 
EP1: WriteMsgQueue: Error (1460) queueing pkt 
EP1: WriteMsgQueue: Error (1460) queueing pkt 
EP1: WriteMsgQueue: Error (1460) queueing pkt 
EP1: WriteMsgQueue: Error (1460) queueing pkt 
EP1: WriteMsgQueue: Error (1460) queueing pkt 
EP1: WriteMsgQueue: Error (1460) queueing pkt 
Error: TLDM.exe # 21:56:06  3-08-2013  #  CTHALCresnetDriverInterface: Timed out while waiting for cresnet driver to indicate operation done 
EP1: WriteMsgQueue: Error (1460) queueing pkt 
EP1: WriteMsgQueue: Error (1460) queueing pkt 
EP1: WriteMsgQueue: Error (1460) queueing pkt 
Error: TLDM.exe # 21:56:09  3-08-2013  #  CTHALCresnetDriverInterface: Timed out while waiting for cresnet driver to indicate operation done 
EP1: WriteMsgQueue: Error (1460) queueing pkt 
EP1: WriteMsgQueue: Error (1460) queueing pkt 
EP1: WriteMsgQueue: Error (1460) queueing pkt 
Error: TLDM.exe # 21:56:12  3-08-2013  #  CTHALCresnetDriverInterface: Timed out while waiting for cresnet driver to indicate operation done 
EP1: WriteMsgQueue: Error (1460) queueing pkt 
EP1: WriteMsgQueue: Error (1460) queueing pkt 
EP1: WriteMsgQueue: Error (1460) queueing pkt 
Error: TLDM.exe # 21:56:15  3-08-2013  #  CTHALCresnetDriverInterface: Timed out while waiting for cresnet driver to indicate operation done 
EP1: WriteMsgQueue: Error (1460) queueing pkt 
EP1: WriteMsgQueue: Error (1460) queueing pkt 
EP1: WriteMsgQueue: Error (1460) queueing pkt 
Error: TLDM.exe # 21:56:18  3-08-2013  #  CTHALCresnetDriverInterface: Timed out while waiting for cresnet driver to indicate operation done 
EP1: WriteMsgQueue: Error (1460) queueing pkt 
EP1: WriteMsgQueue: Error (1460) queueing pkt 
EP1: WriteMsgQueue: Error (1460) queueing pkt 
EP1: WriteMsgQueue: Error (1460) queueing pkt 
EP1: WriteMsgQueue: Error (1460) queueing pkt 
EP1: WriteMsgQueue: Error (1460) queueing pkt 
EP1: WriteMsgQueue: Error (1460) queueing pkt 
EP1: WriteMsgQueue: Error (1460) queueing pkt 
EP1: WriteMsgQueue: Error (1460) queueing pkt 
EP1: WriteMsgQueue: Error (1460) queueing pkt 
Error: TLDM.exe # 21:56:21  3-08-2013  #  CTHALCresnetDriverInterface: Timed out while waiting for cresnet driver to indicate operation done 
EP1: WriteMsgQueue: Error (1460) queueing pkt 
EP1: WriteMsgQueue: Error (1460) queueing pkt 
EP1: WriteMsgQueue: Error (1460) queueing pkt 
EP1: WriteMsgQueue: Error (1460) queueing pkt 
EP1: WriteMsgQueue: Error (1460) queueing pkt 
EP1: WriteMsgQueue: Error (1460) queueing pkt 
Error: TLDM.exe # 21:56:24  3-08-2013  #  CTHALCresnetDriverInterface: Timed out while waiting for cresnet driver to indicate operation done 
EP1: WriteMsgQueue: Error (1460) queueing pkt 
EP1: WriteMsgQueue: Error (1460) queueing pkt 
EP1: WriteMsgQueue: Error (1460) queueing pkt 
EP1: WriteMsgQueue: Error (1460) queueing pkt 
EP1: WriteMsgQueue: Error (1460) queueing pkt 
Error: TLDM.exe # 21:56:27  3-08-2013  #  CTHALCresnetDriverInterface: Timed out while waiting for cresnet driver to indicate operation done 
EP1: WriteMsgQueue: Error (1460) queueing pkt 
EP1: WriteMsgQueue: Error (1460) queueing pkt 
EP1: WriteMsgQueue: Error (1460) queueing pkt 
Error: TLDM.exe # 21:56:30  3-08-2013  #  CTHALCresnetDriverInterface: Timed out while waiting for cresnet driver to indicate operation done 
EP1: WriteMsgQueue: Error (1460) queueing pkt 
Error: TLDM.exe # 21:56:31  3-08-2013  #  CTHALCresnetDriverInterface: Timed out while waiting for SendCresnetStatsCommand  done 
Error: TLDM.exe # 21:56:31  3-08-2013  # BuildAndSendCresnetStatsCommand - Sending failed with code 0x102 
Error: TLDM.exe # 21:56:31  3-08-2013  #  Unable to get cresnet statistics from the driver 
EP1: WriteMsgQueue: Error (1460) queueing pkt 
EP1: WriteMsgQueue: Error (1460) queueing pkt 
EP1: WriteMsgQueue: Error (1460) queueing pkt 
EP1: WriteMsgQueue: Error (1460) queueing pkt 
EP1: WriteMsgQueue: Error (1460) queueing pkt 
EP1: WriteMsgQueue: Error (1460) queueing pkt 
EP1: WriteMsgQueue: Error (1460) queueing pkt 
EP1: WriteMsgQueue: Error (1460) queueing pkt 
EP1: WriteMsgQueue: Error (1460) queueing pkt 
EP1: WriteMsgQueue: Error (1460) queueing pkt 
EP1: WriteMsgQueue: Error (1460) queueing pkt 
EP1: WriteMsgQueue: Error (1460) queueing pkt 
EP1: WriteMsgQueue: Error (1460) queueing pkt 
EP1: WriteMsgQueue: Error (1460) queueing pkt 
Error: TLDM.exe # 21:56:34  3-08-2013  #  CTHALCresnetDriverInterface: Timed out while waiting for cresnet driver to indicate operation done 
EP1: WriteMsgQueue: Error (1460) queueing pkt 
EP1: WriteMsgQueue: Error (1460) queueing pkt 
EP1: WriteMsgQueue: Error (1460) queueing pkt 
EP1: WriteMsgQueue: Error (1460) queueing pkt 
Error: TLDM.exe # 21:56:37  3-08-2013  #  CTHALCresnetDriverInterface: Timed out while waiting for cresnet driver to indicate operation done 
EP1: WriteMsgQueue: Error (1460) queueing pkt 
EP1: WriteMsgQueue: Error (1460) queueing pkt 
EP1: WriteMsgQueue: Error (1460) queueing pkt 
Error: TLDM.exe # 21:56:40  3-08-2013  #  CTHALCresnetDriverInterface: Timed out while waiting for cresnet driver to indicate operation done 
EP1: WriteMsgQueue: Error (1460) queueing pkt 
EP1: WriteMsgQueue: Error (1460) queueing pkt 
Error: SimplSharpPro.exe # 21:56:43  3-08-2013  # SendMessageToTLDM. Error on send. Error Code 0x5b4
Error: TLDM.exe # 21:56:43  3-08-2013  #  CTHALCresnetDriverInterface: Timed out while waiting for cresnet driver to indicate operation done 
EP1: WriteMsgQueue: Error (1460) queueing pkt 
EP1: WriteMsgQueue: Error (1460) queueing pkt 
EP1: WriteMsgQueue: Error (1460) queueing pkt 
EP1: WriteMsgQueue: Error (1460) queueing pkt 
EP1: WriteMsgQueue: Error (1460) queueing pkt 
EP1: WriteMsgQueue: Error (1460) queueing pkt 
EP1: WriteMsgQueue: Error (1460) queueing pkt 
EP1: WriteMsgQueue: Error (1460) queueing pkt 
EP1: WriteMsgQueue: Error (1460) queueing pkt 
EP1: WriteMsgQueue: Error (1460) queueing pkt 
EP1: WriteMsgQueue: Error (1460) queueing pkt 
Error: TLDM.exe # 21:56:46  3-08-2013  #  CTHALCresnetDriverInterface: Timed out while waiting for cresnet driver to indicate operation done 
EP1: WriteMsgQueue: Error (1460) queueing pkt 
EP1: WriteMsgQueue: Error (1460) queueing pkt 
EP1: WriteMsgQueue: Error (1460) queueing pkt 
Error: TLDM.exe # 21:56:49  3-08-2013  #  CTHALCresnetDriverInterface: Timed out while waiting for cresnet driver to indicate operation done 
EP1: WriteMsgQueue: Error (1460) queueing pkt 
EP1: WriteMsgQueue: Error (1460) queueing pkt 
EP1: WriteMsgQueue: Error (1460) queueing pkt 
Error: TLDM.exe # 21:56:52  3-08-2013  #  CTHALCresnetDriverInterface: Timed out while waiting for cresnet driver to indicate operation done 
EP1: WriteMsgQueue: Error (1460) queueing pkt 
Error: SimplSharpPro.exe # 21:56:53  3-08-2013  # SendMessageToTLDM. Error on send. Error Code 0x5b4
Error: SimplSharpPro.exe # 21:56:53  3-08-2013  # SendAnalogPacket fails with error code -1 
EP1: WriteMsgQueue: Error (1460) queueing pkt 
EP1: WriteMsgQueue: Error (1460) queueing pkt 
Error: TLDM.exe # 21:56:55  3-08-2013  #  CTHALCresnetDriverInterface: Timed out while waiting for cresnet driver to indicate operation done 
EP1: WriteMsgQueue: Error (1460) queueing pkt 
EP1: WriteMsgQueue: Error (1460) queueing pkt 
Error: SimplSharpPro.exe # 21:56:56  3-08-2013  # SendMessageToTLDM. Error on send. Error Code 0x5b4
EP1: WriteMsgQueue: Error (1460) queueing pkt 
Error: TLDM.exe # 21:56:58  3-08-2013  #  CTHALCresnetDriverInterface: Timed out while waiting for cresnet driver to indicate operation done 
EP1: WriteMsgQueue: Error (1460) queueing pkt 
EP1: WriteMsgQueue: Error (1460) queueing pkt 
EP1: WriteMsgQueue: Error (1460) queueing pkt 
EP1: WriteMsgQueue: Error (1460) queueing pkt 
EP1: WriteMsgQueue: Error (1460) queueing pkt 
EP1: WriteMsgQueue: Error (1460) queueing pkt 
EP1: WriteMsgQueue: Error (1460) queueing pkt 
EP1: WriteMsgQueue: Error (1460) queueing pkt 
EP1: WriteMsgQueue: Error (1460) queueing pkt 
EP1: WriteMsgQueue: Error (1460) queueing pkt 
Error: TLDM.exe # 21:57:01  3-08-2013  #  CTHALCresnetDriverInterface: Timed out while waiting for cresnet driver to indicate operation done 
EP1: WriteMsgQueue: Error (1460) queueing pkt 
EP1: WriteMsgQueue: Error (1460) queueing pkt 
Error: SimplSharpPro.exe # 21:57:03  3-08-2013  # SendMessageToTLDM. Error on send. Error Code 0x5b4
Error: SimplSharpPro.exe # 21:57:03  3-08-2013  # SendAnalogPacket fails with error code -1 
EP1: WriteMsgQueue: Error (1460) queueing pkt 
Error: TLDM.exe # 21:57:04  3-08-2013  #  CTHALCresnetDriverInterface: Timed out while waiting for cresnet driver to indicate operation done 
EP1: WriteMsgQueue: Error (1460) queueing pkt 
EP1: WriteMsgQueue: Error (1460) queueing pkt 
Error: SimplSharpPro.exe # 21:57:06  3-08-2013  # SendMessageToTLDM. Error on send. Error Code 0x5b4
EP1: WriteMsgQueue: Error (1460) queueing pkt 
Error: TLDM.exe # 21:57:07  3-08-2013  #  CTHALCresnetDriverInterface: Timed out while waiting for cresnet driver to indicate operation done 
EP1: WriteMsgQueue: Error (1460) queueing pkt 
EP1: WriteMsgQueue: Error (1460) queueing pkt 
EP1: WriteMsgQueue: Error (1460) queueing pkt 
EP1: WriteMsgQueue: Error (1460) queueing pkt 
Error: TLDM.exe # 21:57:10  3-08-2013  #  CTHALCresnetDriverInterface: Timed out while waiting for cresnet driver to indicate operation done 
EP1: WriteMsgQueue: Error (1460) queueing pkt 
EP1: WriteMsgQueue: Error (1460) queueing pkt 
EP1: WriteMsgQueue: Error (1460) queueing pkt 
EP1: WriteMsgQueue: Error (1460) queueing pkt 
EP1: WriteMsgQueue: Error (1460) queueing pkt 
EP1: WriteMsgQueue: Error (1460) queueing pkt 
EP1: WriteMsgQueue: Error (1460) queueing pkt 
EP1: WriteMsgQueue: Error (1460) queueing pkt 
EP1: WriteMsgQueue: Error (1460) queueing pkt 
Error: SimplSharpPro.exe # 21:57:13  3-08-2013  # SendMessageToTLDM. Error on send. Error Code 0x5b4
Error: SimplSharpPro.exe # 21:57:13  3-08-2013  # SendAnalogPacket fails with error code -1 
Error: TLDM.exe # 21:57:13  3-08-2013  #  CTHALCresnetDriverInterface: Timed out while waiting for cresnet driver to indicate operation done 
EP1: WriteMsgQueue: Error (1460) queueing pkt 
EP1: WriteMsgQueue: Error (1460) queueing pkt 
EP1: WriteMsgQueue: Error (1460) queueing pkt 
EP1: WriteMsgQueue: Error (1460) queueing pkt 
EP1: WriteMsgQueue: Error (1460) queueing pkt 
Error: SimplSharpPro.exe # 21:57:16  3-08-2013  # SendMessageToTLDM. Error on send. Error Code 0x5b4
Error: TLDM.exe # 21:57:16  3-08-2013  #  CTHALCresnetDriverInterface: Timed out while waiting for cresnet driver to indicate operation done 
EP1: WriteMsgQueue: Error (1460) queueing pkt 
EP1: WriteMsgQueue: Error (1460) queueing pkt 
EP1: WriteMsgQueue: Error (1460) queueing pkt 
EP1: WriteMsgQueue: Error (1460) queueing pkt 
EP1: WriteMsgQueue: Error (1460) queueing pkt 
Error: TLDM.exe # 21:57:19  3-08-2013  #  CTHALCresnetDriverInterface: Timed out while waiting for cresnet driver to indicate operation done 
EP1: WriteMsgQueue: Error (1460) queueing pkt 
EP1: WriteMsgQueue: Error (1460) queueing pkt 
EP1: WriteMsgQueue: Error (1460) queueing pkt 
Error: TLDM.exe # 21:57:22  3-08-2013  #  CTHALCresnetDriverInterface: Timed out while waiting for cresnet driver to indicate operation done 
EP1: WriteMsgQueue: Error (1460) queueing pkt 
EP1: WriteMsgQueue: Error (1460) queueing pkt 
Error: SimplSharpPro.exe # 21:57:23  3-08-2013  # SendMessageToTLDM. Error on send. Error Code 0x5b4
Error: SimplSharpPro.exe # 21:57:23  3-08-2013  # SendAnalogPacket fails with error code -1 
EP1: WriteMsgQueue: Error (1460) queueing pkt 
EP1: WriteMsgQueue: Error (1460) queueing pkt 
EP1: WriteMsgQueue: Error (1460) queueing pkt 
EP1: WriteMsgQueue: Error (1460) queueing pkt 
EP1: WriteMsgQueue: Error (1460) queueing pkt 
EP1: WriteMsgQueue: Error (1460) queueing pkt 
EP1: WriteMsgQueue: Error (1460) queueing pkt 
EP1: WriteMsgQueue: Error (1460) queueing pkt 
EP1: WriteMsgQueue: Error (1460) queueing pkt 
EP1: WriteMsgQueue: Error (1460) queueing pkt 
EP1: WriteMsgQueue: Error (1460) queueing pkt 
EP1: WriteMsgQueue: Error (1460) queueing pkt 
EP1: WriteMsgQueue: Error (1460) queueing pkt 
EP1: WriteMsgQueue: Error (1460) queueing pkt 
EP1: WriteMsgQueue: Error (1460) queueing pkt 
EP1: WriteMsgQueue: Error (1460) queueing pkt 
EP1: WriteMsgQueue: Error (1460) queueing pkt 
EP1: WriteMsgQueue: Error (1460) queueing pkt 
EP1: WriteMsgQueue: Error (1460) queueing pkt 
EP1: WriteMsgQueue: Error (1460) queueing pkt 
EP1: WriteMsgQueue: Error (1460) queueing pkt 
EP1: WriteMsgQueue: Error (1460) queueing pkt 
EP1: WriteMsgQueue: Error (1460) queueing pkt 
EP1: WriteMsgQueue: Error (1460) queueing pkt 
EP1: WriteMsgQueue: Error (1460) queueing pkt 
EP1: WriteMsgQueue: Error (1460) queueing pkt 
EP1: WriteMsgQueue: Error (1460) queueing pkt 
Error: TLDM.exe # 21:57:25  3-08-2013  #  CTHALCresnetDriverInterface: Timed out while waiting for cresnet driver to indicate operation done 
EP1: WriteMsgQueue: Error (1460) queueing pkt 
EP1: WriteMsgQueue: Error (1460) queueing pkt 
EP1: WriteMsgQueue: Error (1460) queueing pkt 
Error: SimplSharpPro.exe # 21:57:26  3-08-2013  # SendMessageToTLDM. Error on send. Error Code 0x5b4
Error: TLDM.exe # 21:57:28  3-08-2013  #  CTHALCresnetDriverInterface: Timed out while waiting for cresnet driver to indicate operation done 
EP1: WriteMsgQueue: Error (1460) queueing pkt 
Error: TLDM.exe # 21:57:31  3-08-2013  #  CTHALCresnetDriverInterface: Timed out while waiting for cresnet driver to indicate operation done 
EP1: WriteMsgQueue: Error (1460) queueing pkt 
Error: SimplSharpPro.exe # 21:57:33  3-08-2013  # SendMessageToTLDM. Error on send. Error Code 0x5b4
Error: TLDM.exe # 21:57:34  3-08-2013  #  CTHALCresnetDriverInterface: Timed out while waiting for cresnet driver to indicate operation done 
EP1: WriteMsgQueue: Error (1460) queueing pkt 
Error: SimplSharpPro.exe # 21:57:36  3-08-2013  # SendMessageToTLDM. Error on send. Error Code 0x5b4
Error: TLDM.exe # 21:57:37  3-08-2013  #  CTHALCresnetDriverInterface: Timed out while waiting for cresnet driver to indicate operation done 
EP1: WriteMsgQueue: Error (1460) queueing pkt 
Notice: ConsoleServiceCE.exe # 21:57:38  3-08-2013  # CTP Connection from: 192.168.1.205 
Error: TLDM.exe # 21:57:40  3-08-2013  #  CTHALCresnetDriverInterface: Timed out while waiting for cresnet driver to indicate operation done 
EP1: WriteMsgQueue: Error (1460) queueing pkt 
Error: SimplSharpPro.exe # 21:57:43  3-08-2013  # SendMessageToTLDM. Error on send. Error Code 0x5b4
Error: TLDM.exe # 21:57:43  3-08-2013  #  CTHALCresnetDriverInterface: Timed out while waiting for cresnet driver to indicate operation done 
EP1: WriteMsgQueue: Error (1460) queueing pkt 
Error: SimplSharpPro.exe # 21:57:46  3-08-2013  # SendMessageToTLDM. Error on send. Error Code 0x5b4
Error: TLDM.exe # 21:57:46  3-08-2013  #  CTHALCresnetDriverInterface: Timed out while waiting for cresnet driver to indicate operation done 
EP1: WriteMsgQueue: Error (1460) queueing pkt 
Error: TLDM.exe # 21:57:50  3-08-2013  #  CTHALCresnetDriverInterface: Timed out while waiting for cresnet driver to indicate operation done 
EP1: WriteMsgQueue: Error (1460) queueing pkt 
Error: TLDM.exe # 21:57:53  3-08-2013  #  CTHALCresnetDriverInterface: Timed out while waiting for cresnet driver to indicate operation done 
EP1: WriteMsgQueue: Error (1460) queueing pkt 
Error: SimplSharpPro.exe # 21:57:53  3-08-2013  # SendMessageToTLDM. Error on send. Error Code 0x5b4
Error: TLDM.exe # 21:57:56  3-08-2013  #  CTHALCresnetDriverInterface: Timed out while waiting for cresnet driver to indicate operation done 
EP1: WriteMsgQueue: Error (1460) queueing pkt 
Error: SimplSharpPro.exe # 21:57:56  3-08-2013  # SendMessageToTLDM. Error on send. Error Code 0x5b4
Error: TLDM.exe # 21:57:59  3-08-2013  #  CTHALCresnetDriverInterface: Timed out while waiting for cresnet driver to indicate operation done 
EP1: WriteMsgQueue: Error (1460) queueing pkt 
Error: TLDM.exe # 21:58:02  3-08-2013  #  CTHALCresnetDriverInterface: Timed out while waiting for cresnet driver to indicate operation done 
EP1: WriteMsgQueue: Error (1460) queueing pkt 
Error: SimplSharpPro.exe # 21:58:03  3-08-2013  # SendMessageToTLDM. Error on send. Error Code 0x5b4
Error: TLDM.exe # 21:58:05  3-08-2013  #  CTHALCresnetDriverInterface: Timed out while waiting for cresnet driver to indicate operation done 
EP1: WriteMsgQueue: Error (1460) queueing pkt 
Error: SimplSharpPro.exe # 21:58:06  3-08-2013  # SendMessageToTLDM. Error on send. Error Code 0x5b4
Error: TLDM.exe # 21:58:08  3-08-2013  #  CTHALCresnetDriverInterface: Timed out while waiting for cresnet driver to indicate operation done 
EP1: WriteMsgQueue: Error (1460) queueing pkt 
Error: TLDM.exe # 21:58:11  3-08-2013  #  CTHALCresnetDriverInterface: Timed out while waiting for cresnet driver to indicate operation done 
EP1: WriteMsgQueue: Error (1460) queueing pkt 
Error: SimplSharpPro.exe # 21:58:13  3-08-2013  # SendMessageToTLDM. Error on send. Error Code 0x5b4
Error: TLDM.exe # 21:58:14  3-08-2013  #  CTHALCresnetDriverInterface: Timed out while waiting for cresnet driver to indicate operation done 
EP1: WriteMsgQueue: Error (1460) queueing pkt 
Error: SimplSharpPro.exe # 21:58:16  3-08-2013  # SendMessageToTLDM. Error on send. Error Code 0x5b4
Error: TLDM.exe # 21:58:17  3-08-2013  #  CTHALCresnetDriverInterface: Timed out while waiting for cresnet driver to indicate operation done 
EP1: WriteMsgQueue: Error (1460) queueing pkt 
Error: TLDM.exe # 21:58:20  3-08-2013  #  CTHALCresnetDriverInterface: Timed out while waiting for cresnet driver to indicate operation done 
EP1: WriteMsgQueue: Error (1460) queueing pkt 
Error: TLDM.exe # 21:58:23  3-08-2013  #  CTHALCresnetDriverInterface: Timed out while waiting for cresnet driver to indicate operation done 
EP1: WriteMsgQueue: Error (1460) queueing pkt 
