  StateChanged Player_A TrackTime=185
  StateChanged Player_A TrackTime=186
  StateChanged Player_A TrackTime=187
  StateChanged Player_A TrackTime=188
  StateChanged Player_A TrackTime=189
  StateChanged Player_A TrackTime=190
  StateChanged Player_A TrackTime=191
  StateChanged Player_A TrackTime=192
  StateChanged Player_A TrackTime=193
  StateChanged Player_A TrackTime=194
  StateChanged Player_A TrackTime=195
  StateChanged Player_A TrackTime=196
  StateChanged Player_A TrackTime=197
  StateChanged Player_A TrackTime=198
  StateChanged Player_A TrackTime=199
  StateChanged Player_A TrackTime=200
  StateChanged Player_A TrackTime=201
  StateChanged Player_A TrackTime=202
  StateChanged Player_A TrackTime=203
  StateChanged Player_A TrackTime=204
  StateChanged Player_A TrackTime=205
  StateChanged Player_A TrackTime=206
  StateChanged Player_A TrackTime=207
Update request from Slot-02.IP-ID-89 in Program 01
  StateChanged Player_A TrackTime=208
  StateChanged Player_A TrackTime=209
  StateChanged Player_A TrackTime=210
  StateChanged Player_A TrackTime=211
  StateChanged Player_A TrackTime=212
  StateChanged Player_A TrackTime=213
  StateChanged Player_A TrackTime=214
  StateChanged Player_A TrackTime=215
  StateChanged Player_A TrackTime=216
  StateChanged Player_A TrackTime=217
  StateChanged Player_A TrackTime=218
  StateChanged Player_A TrackTime=219
  StateChanged Player_A TrackTime=220
  StateChanged Player_A TrackTime=221
  StateChanged Player_A TrackTime=222
  StateChanged Player_A TrackTime=223
  StateChanged Player_A TrackTime=224
  StateChanged Player_A TrackTime=225
  StateChanged Player_A TrackTime=226
  StateChanged Player_A TrackTime=227
  StateChanged Player_A TrackTime=228
  StateChanged Player_A TrackTime=229
  StateChanged Player_A TrackTime=230
  StateChanged Player_A TrackTime=231
  StateChanged Player_A TrackTime=232
  StateChanged Player_A TrackTime=233
  StateChanged Player_A TrackTime=234
  StateChanged Player_A TrackTime=235
  StateChanged Player_A TrackTime=236
  StateChanged Player_A TrackTime=237
  StateChanged Player_A TrackTime=238
  StateChanged Player_A TrackTime=239
  StateChanged Player_A TrackTime=240
  StateChanged Player_A TrackTime=241
  StateChanged Player_A TrackTime=242
  StateChanged Player_A TrackTime=243
  StateChanged Player_A TrackTime=244
  StateChanged Player_A TrackTime=245
  StateChanged Player_A TrackTime=246
  StateChanged Player_A TrackTime=247
  StateChanged Player_A TrackTime=248
  StateChanged Player_A TrackTime=249
  StateChanged Player_A TrackTime=250
  StateChanged Player_A TrackTime=251
  StateChanged Player_A TrackTime=252
  StateChanged Player_A TrackTime=253
  StateChanged Player_A TrackTime=254
  StateChanged Player_A TrackTime=255
  StateChanged Player_A TrackTime=256
  StateChanged Player_A TrackTime=257
  StateChanged Player_A TrackTime=258
  StateChanged Player_A TrackTime=259
  StateChanged Player_A TrackTime=260
  StateChanged Player_A TrackTime=261
  StateChanged Player_A TrackTime=262
  StateChanged Player_A TrackTime=263
  StateChanged Player_A TrackTime=264
  StateChanged Player_A TrackTime=265
  StateChanged Player_A TrackTime=266
  StateChanged Player_A TrackTime=267
  StateChanged Player_A TrackTime=268
  StateChanged Player_A TrackTime=269
  StateChanged Player_A TrackTime=270
  StateChanged Player_A TrackTime=271
  StateChanged Player_A TrackTime=272
  StateChanged Player_A TrackTime=273
  StateChanged Player_A TrackTime=274
  StateChanged Player_A TrackTime=275
  StateChanged Player_A TrackTime=276
  StateChanged Player_A TrackTime=277
  StateChanged Player_A TrackTime=278
  StateChanged Player_A TrackTime=279
  StateChanged Player_A TrackTime=280
  StateChanged Player_A TrackTime=281
  StateChanged Player_A TrackTime=282
  StateChanged Player_A TrackTime=283
  StateChanged Player_A TrackTime=284
  StateChanged Player_A TrackTime=285
  StateChanged Player_A TrackTime=286
  StateChanged Player_A TrackTime=287
  StateChanged Player_A TrackTime=288
  StateChanged Player_A TrackTime=289
  StateChanged Player_A TrackTime=290
  StateChanged Player_A TrackTime=291
  StateChanged Player_A TrackTime=292
  StateChanged Player_A TrackTime=293
  StateChanged Player_A TrackTime=294
  StateChanged Player_A TrackTime=295
  StateChanged Player_A TrackTime=296
  StateChanged Player_A TrackTime=297
  StateChanged Player_A TrackTime=298
  StateChanged Player_A TrackTime=299
  StateChanged Player_A TrackTime=300
  StateChanged Player_A TrackTime=301
  StateChanged Player_A TrackTime=302
  StateChanged Player_A TrackTime=303
  StateChanged Player_A TrackTime=304
  StateChanged Player_A TrackTime=305
  StateChanged Player_A TrackTime=306
  StateChanged Player_A TrackTime=307
  StateChanged Player_A TrackTime=308
  StateChanged Player_A TrackTime=309
  StateChanged Player_A TrackTime=310
  StateChanged Player_A TrackTime=311
  StateChanged Player_A TrackTime=312
  StateChanged Player_A TrackTime=313
  StateChanged Player_A TrackTime=314
  StateChanged Player_A TrackTime=315
  StateChanged Player_A TrackTime=316
  StateChanged Player_A TrackTime=317
  StateChanged Player_A TrackTime=318
  StateChanged Player_A TrackTime=319
  StateChanged Player_A TrackTime=320
  StateChanged Player_A TrackTime=321
  StateChanged Player_A TrackTime=322
  StateChanged Player_A TrackTime=323
  StateChanged Player_A TrackTime=324
  StateChanged Player_A TrackTime=325
  StateChanged Player_A TrackTime=326
  StateChanged Player_A TrackTime=327
  StateChanged Player_A TrackTime=328
  StateChanged Player_A TrackTime=329
  StateChanged Player_A TrackTime=330
  StateChanged Player_A TrackTime=331
  StateChanged Player_A TrackTime=332
  StateChanged Player_A TrackTime=333
  StateChanged Player_A TrackTime=334
  StateChanged Player_A TrackTime=335
  StateChanged Player_A TrackTime=336
  StateChanged Player_A TrackTime=337
  StateChanged Player_A TrackTime=338
  StateChanged Player_A TrackTime=339
  StateChanged Player_A TrackTime=340
  StateChanged Player_A TrackTime=341
  StateChanged Player_A TrackTime=342
  StateChanged Player_A TrackTime=343
  StateChanged Player_A TrackTime=344
  StateChanged Player_A TrackTime=345
  StateChanged Player_A TrackTime=346
  StateChanged Player_A TrackTime=347
  StateChanged Player_A TrackTime=348
  StateChanged Player_A TrackTime=349
  StateChanged Player_A TrackTime=350
  StateChanged Player_A TrackTime=351
  StateChanged Player_A TrackTime=352
  StateChanged Player_A TrackTime=353
  StateChanged Player_A TrackTime=354
  StateChanged Player_A TrackTime=355
  StateChanged Player_A TrackTime=356
  StateChanged Player_A TrackTime=357
  StateChanged Player_A TrackTime=358
  StateChanged Player_A TrackTime=359
  StateChanged Player_A TrackTime=360
  StateChanged Player_A TrackTime=361
  StateChanged Player_A TrackTime=362
  StateChanged Player_A TrackTime=363
  StateChanged Player_A TrackTime=364
  StateChanged Player_A TrackTime=365
  StateChanged Player_A TrackTime=366
  StateChanged Player_A TrackTime=367
  StateChanged Player_A TrackTime=368
  StateChanged Player_A TrackTime=369
  StateChanged Player_A TrackTime=370
  StateChanged Player_A TrackTime=371
  StateChanged Player_A TrackTime=372
  StateChanged Player_A TrackTime=373
  StateChanged Player_A TrackTime=374
  StateChanged Player_A TrackTime=375
  StateChanged Player_A TrackTime=376
  StateChanged Player_A TrackTime=377
  StateChanged Player_A TrackTime=378
  StateChanged Player_A TrackTime=379
  StateChanged Player_A TrackTime=380
  StateChanged Player_A TrackTime=381
  StateChanged Player_A TrackTime=382
  StateChanged Player_A TrackTime=383
  StateChanged Player_A TrackTime=384
  StateChanged Player_A TrackTime=385
  StateChanged Player_A TrackTime=386
  StateChanged Player_A TrackTime=387
  StateChanged Player_A TrackTime=388
  StateChanged Player_A TrackTime=389
  StateChanged Player_A TrackTime=390
  StateChanged Player_A TrackTime=391
  StateChanged Player_A TrackTime=392
  StateChanged Player_A TrackTime=393
  StateChanged Player_A TrackTime=394
  StateChanged Player_A TrackTime=395
  StateChanged Player_A TrackTime=396
  StateChanged Player_A TrackTime=397
  StateChanged Player_A TrackTime=398
  StateChanged Player_A TrackTime=399
  StateChanged Player_A TrackTime=400
  StateChanged Player_A TrackTime=401
  StateChanged Player_A TrackTime=402
  StateChanged Player_A TrackTime=403
  StateChanged Player_A TrackTime=404
  StateChanged Player_A TrackTime=405
  StateChanged Player_A TrackTime=406
  StateChanged Player_A TrackTime=407
  StateChanged Player_A TrackTime=408
  StateChanged Player_A TrackTime=409
  StateChanged Player_A TrackTime=410
  StateChanged Player_A TrackTime=411
  StateChanged Player_A TrackTime=412
  StateChanged Player_A TrackTime=413
  StateChanged Player_A TrackTime=414
  StateChanged Player_A TrackTime=415
  StateChanged Player_A TrackTime=416
  StateChanged Player_A TrackTime=417
  StateChanged Player_A TrackTime=418
  StateChanged Player_A TrackTime=419
  StateChanged Player_A TrackTime=420
  StateChanged Player_A TrackTime=421
  StateChanged Player_A TrackTime=422
  StateChanged Player_A TrackTime=423
  StateChanged Player_A TrackTime=424
  StateChanged Player_A TrackTime=425
  StateChanged Player_A TrackTime=426
  StateChanged Player_A TrackTime=427
  StateChanged Player_A TrackTime=428
  StateChanged Player_A TrackTime=429
  StateChanged Player_A TrackTime=430
  StateChanged Player_A TrackTime=431
  StateChanged Player_A TrackTime=432
  StateChanged Player_A TrackTime=433
  StateChanged Player_A TrackTime=434
  StateChanged Player_A TrackTime=435
  StateChanged Player_A TrackTime=436
  StateChanged Player_A TrackTime=437
  StateChanged Player_A TrackTime=438
  StateChanged Player_A TrackTime=439
  StateChanged Player_A TrackTime=440
  StateChanged Player_A TrackTime=441
  StateChanged Player_A TrackTime=442
  StateChanged Player_A TrackTime=443
  StateChanged Player_A TrackTime=444
  StateChanged Player_A TrackTime=445
  StateChanged Player_A TrackTime=446
  StateChanged Player_A TrackTime=447
  StateChanged Player_A TrackTime=448
  StateChanged Player_A TrackTime=449
  StateChanged Player_A TrackTime=450
  StateChanged Player_A TrackTime=451
  StateChanged Player_A TrackTime=452
  StateChanged Player_A TrackTime=453
  StateChanged Player_A TrackTime=454
errlog SYSTEM LOG:
  1. Error: TLDM.exe # 11:19:11  3-08-2013  #  CTHALCresnetDriverInterface: Timed out while waiting for cresnet driver to indicate operation done 
  2. Error: TLDM.exe # 11:19:12  3-08-2013  #  CTHALCresnetDriverInterface: Timed out while waiting for cresnet driver to indicate operation done 
  3. Error: TLDM.exe # 11:19:13  3-08-2013  #  CTHALCresnetDriverInterface: Timed out while waiting for cresnet driver to indicate operation done 
  4. Error: TLDM.exe # 11:19:14  3-08-2013  #  CTHALCresnetDriverInterface: Timed out while waiting for cresnet driver to indicate operation done 
  5. Error: TLDM.exe # 11:19:15  3-08-2013  #  CTHALCresnetDriverInterface: Timed out while waiting for cresnet driver to indicate operation done 
  6. Error: TLDM.exe # 11:19:16  3-08-2013  #  CTHALCresnetDriverInterface: Timed out while waiting for cresnet driver to indicate operation done 
  7. Error: TLDM.exe # 11:19:16  3-08-2013  #  Sending Type 0x20 to Cresnet Id 0x53. Num Sent (9) != Num Written  (33) 
  8. Error: TLDM.exe # 11:19:16  3-08-2013  #  Sending Type 0x20 to Cresnet Id 0x52. Num Sent (16) != Num Written  (33) 
  9. Error: TLDM.exe # 11:19:16  3-08-2013  #  Sending Type 0x12 to Cresnet Id 0x1f. Num Sent (5) != Num Written  (33) 
 10. Error: TLDM.exe # 11:19:16  3-08-2013  #  Sending Type 0x20 to Cresnet Id 0x4b. Num Sent (55) != Num Written  (33) 
 11. Error: TLDM.exe # 11:19:16  3-08-2013  #  Sending Type 0x20 to Cresnet Id 0x4b. Num Sent (15) != Num Written  (33) 
 12. Error: TLDM.exe # 11:19:16  3-08-2013  #  Sending Type 0x20 to Cresnet Id 0x52. Num Sent (33) != Num Written  (13) 
 13. Error: TLDM.exe # 11:19:16  3-08-2013  #  Sending Type 0x20 to Cresnet Id 0x52. Num Sent (33) != Num Written  (5) 
 14. Error: TLDM.exe # 11:19:16  3-08-2013  #  Sending Type 0x20 to Cresnet Id 0x53. Num Sent (33) != Num Written  (13) 
 15. Error: TLDM.exe # 11:19:17  3-08-2013  #  Sending Type 0x20 to Cresnet Id 0x54. Num Sent (33) != Num Written  (13) 
 16. Error: TLDM.exe # 11:19:17  3-08-2013  #  Sending Type 0x20 to Cresnet Id 0xa1. Num Sent (33) != Num Written  (13) 
 17. Error: TLDM.exe # 11:19:17  3-08-2013  #  Sending Type 0x12 to Cresnet Id 0x1f. Num Sent (5) != Num Written  (8) 
 18. Error: TLDM.exe # 11:19:17  3-08-2013  #  Sending Type 0x20 to Cresnet Id 0x52. Num Sent (33) != Num Written  (13) 
 19. Error: TLDM.exe # 11:19:17  3-08-2013  #  Sending Type 0x20 to Cresnet Id 0x52. Num Sent (33) != Num Written  (13) 
 20. Error: TLDM.exe # 11:19:17  3-08-2013  #  Sending Type 0x20 to Cresnet Id 0x52. Num Sent (33) != Num Written  (25) 
 21. Error: TLDM.exe # 11:19:17  3-08-2013  #  Sending Type 0x20 to Cresnet Id 0x53. Num Sent (33) != Num Written  (18) 
 22. Error: TLDM.exe # 11:19:17  3-08-2013  #  Sending Type 0x20 to Cresnet Id 0x54. Num Sent (33) != Num Written  (15) 
 23. Error: TLDM.exe # 11:19:17  3-08-2013  #  Sending Type 0x20 to Cresnet Id 0xa1. Num Sent (33) != Num Written  (15) 
 24. Error: TLDM.exe # 11:19:17  3-08-2013  #  Sending Type 0x12 to Cresnet Id 0x1f. Num Sent (5) != Num Written  (15) 
 25. Error: TLDM.exe # 11:19:17  3-08-2013  #  Sending Type 0x12 to Cresnet Id 0x1f. Num Sent (5) != Num Written  (25) 
 26. Error: TLDM.exe # 11:19:17  3-08-2013  #  Sending Type 0x12 to Cresnet Id 0x1f. Num Sent (5) != Num Written  (16) 
 27. Error: TLDM.exe # 11:19:17  3-08-2013  #  Sending Type 0x12 to Cresnet Id 0x1f. Num Sent (5) != Num Written  (13) 
 28. Error: TLDM.exe # 11:19:17  3-08-2013  #  Sending Type 0x12 to Cresnet Id 0x1f. Num Sent (5) != Num Written  (13) 
 29. Error: TLDM.exe # 11:19:17  3-08-2013  #  Sending Type 0x12 to Cresnet Id 0x1f. Num Sent (5) != Num Written  (13) 
 30. Error: TLDM.exe # 11:19:17  3-08-2013  #  Sending Type 0x12 to Cresnet Id 0x1f. Num Sent (5) != Num Written  (8) 
 31. Error: TLDM.exe # 11:19:17  3-08-2013  #  Sending Type 0x20 to Cresnet Id 0x52. Num Sent (26) != Num Written  (8) 
 32. Error: TLDM.exe # 11:19:17  3-08-2013  #  Sending Type 0x20 to Cresnet Id 0x52. Num Sent (23) != Num Written  (13) 
 33. Error: TLDM.exe # 11:19:17  3-08-2013  #  Sending Type 0x20 to Cresnet Id 0x52. Num Sent (22) != Num Written  (8) 
 34. Error: TLDM.exe # 11:19:17  3-08-2013  #  Sending Type 0x20 to Cresnet Id 0x52. Num Sent (26) != Num Written  (8) 
 35. Error: TLDM.exe # 11:19:17  3-08-2013  #  Sending Type 0x20 to Cresnet Id 0x52. Num Sent (28) != Num Written  (13) 
 36. Error: TLDM.exe # 11:19:17  3-08-2013  #  Sending Type 0x20 to Cresnet Id 0x52. Num Sent (26) != Num Written  (8) 
 37. Error: TLDM.exe # 11:19:17  3-08-2013  #  Sending Type 0x20 to Cresnet Id 0x52. Num Sent (28) != Num Written  (8) 
 38. Error: TLDM.exe # 11:19:17  3-08-2013  #  Sending Type 0x20 to Cresnet Id 0x52. Num Sent (25) != Num Written  (13) 
 39. Error: TLDM.exe # 11:19:17  3-08-2013  #  Sending Type 0x20 to Cresnet Id 0x52. Num Sent (19) != Num Written  (8) 
 40. Error: TLDM.exe # 11:19:17  3-08-2013  #  Sending Type 0x20 to Cresnet Id 0x52. Num Sent (29) != Num Written  (8) 
 41. Error: TLDM.exe # 11:19:17  3-08-2013  #  Sending Type 0x20 to Cresnet Id 0x52. Num Sent (23) != Num Written  (13) 
 42. Error: TLDM.exe # 11:19:17  3-08-2013  #  Sending Type 0x20 to Cresnet Id 0x52. Num Sent (26) != Num Written  (13) 
 43. Error: TLDM.exe # 11:19:17  3-08-2013  #  Sending Type 0x20 to Cresnet Id 0x52. Num Sent (16) != Num Written  (13) 
 44. Error: TLDM.exe # 11:19:17  3-08-2013  #  Sending Type 0x20 to Cresnet Id 0x52. Num Sent (16) != Num Written  (13) 
 45. Error: TLDM.exe # 11:19:17  3-08-2013  #  Sending Type 0x20 to Cresnet Id 0x52. Num Sent (16) != Num Written  (13) 
 46. Error: TLDM.exe # 11:19:17  3-08-2013  #  Sending Type 0x20 to Cresnet Id 0x52. Num Sent (16) != Num Written  (33) 
 47. Error: TLDM.exe # 11:19:17  3-08-2013  #  Sending Type 0x20 to Cresnet Id 0x52. Num Sent (16) != Num Written  (33) 
 48. Error: TLDM.exe # 11:19:17  3-08-2013  #  Sending Type 0x20 to Cresnet Id 0x52. Num Sent (16) != Num Written  (33) 
 49. Error: TLDM.exe # 11:19:17  3-08-2013  #  Sending Type 0x20 to Cresnet Id 0x52. Num Sent (8) != Num Written  (33) 
 50. Error: TLDM.exe # 11:19:17  3-08-2013  #  Sending Type 0x20 to Cresnet Id 0x52. Num Sent (8) != Num Written  (33) 
 51. Error: splusmanagerapp.exe [App 1] # 11:19:18  3-08-2013  # Module S-4.2.1.1.6:S-1.4 : NuVo_Parser__XM_2011_02_11 at line 293: Buffer Input overflow. New = 250, Max = 128
 52. Error: splusmanagerapp.exe [App 1] # 11:19:18  3-08-2013  # SplusManagerApp: Module:  dataMsg.value: 250
 53. Error: splusmanagerapp.exe [App 1] # 11:19:18  3-08-2013  # Module S-4.2.1.2.6:S-1.4 : NuVo_Parser__XM_2011_02_11 at line 293: Buffer Input overflow. New = 250, Max = 128
 54. Error: splusmanagerapp.exe [App 1] # 11:19:18  3-08-2013  # SplusManagerApp: Module:  dataMsg.value: 250
 55. Warning: splusmanagerapp.exe [App 1] # 11:19:18  3-08-2013  # Module S-4.2.1.1.6:S-1.4 : NuVo_Parser__XM_2011_02_11 at line 293: UpdateInputValue: Could not get m_BufferReadyEvent
 56. Error: splusmanagerapp.exe [App 1] # 11:19:18  3-08-2013  # Module S-4.2.1.1.6:S-1.4 : NuVo_Parser__XM_2011_02_11 at line 293: Buffer Input overflow. New = 250, Max = 128
 57. Error: splusmanagerapp.exe [App 1] # 11:19:18  3-08-2013  # SplusManagerApp: Module:  dataMsg.value: 250
 58. Warning: splusmanagerapp.exe [App 1] # 11:19:18  3-08-2013  # Module S-4.2.1.2.6:S-1.4 : NuVo_Parser__XM_2011_02_11 at line 293: UpdateInputValue: Could not get m_BufferReadyEvent
 59. Error: splusmanagerapp.exe [App 1] # 11:19:18  3-08-2013  # Module S-4.2.1.2.6:S-1.4 : NuVo_Parser__XM_2011_02_11 at line 293: Buffer Input overflow. New = 250, Max = 128
 60. Error: splusmanagerapp.exe [App 1] # 11:19:18  3-08-2013  # SplusManagerApp: Module:  dataMsg.value: 250
 61. Warning: splusmanagerapp.exe [App 1] # 11:19:18  3-08-2013  # Module S-4.2.1.1.6:S-1.4 : NuVo_Parser__XM_2011_02_11 at line 293: UpdateInputValue: Could not get m_BufferReadyEvent
 62. Error: splusmanagerapp.exe [App 1] # 11:19:18  3-08-2013  # Module S-4.2.1.1.6:S-1.4 : NuVo_Parser__XM_2011_02_11 at line 293: Buffer Input overflow. New = 152, Max = 128
 63. Error: splusmanagerapp.exe [App 1] # 11:19:18  3-08-2013  # SplusManagerApp: Module:  dataMsg.value: 152
 64. Error: TLDM.exe # 11:19:18  3-08-2013  #  CTHALCresnetDriverInterface: Timed out while waiting for cresnet driver to indicate operation done 
 65. Warning: splusmanagerapp.exe [App 1] # 11:19:18  3-08-2013  # Module S-4.2.1.2.6:S-1.4 : NuVo_Parser__XM_2011_02_11 at line 293: UpdateInputValue: Could not get m_BufferReadyEvent
 66. Error: splusmanagerapp.exe [App 1] # 11:19:18  3-08-2013  # Module S-4.2.1.2.6:S-1.4 : NuVo_Parser__XM_2011_02_11 at line 293: Buffer Input overflow. New = 152, Max = 128
 67. Error: splusmanagerapp.exe [App 1] # 11:19:18  3-08-2013  # SplusManagerApp: Module:  dataMsg.value: 152
 68. Error: TLDM.exe # 11:19:19  3-08-2013  #  Sending Type 0x20 to Cresnet Id 0x47. Num Sent (15) != Num Written  (5) 
 69. Error: TLDM.exe # 11:19:19  3-08-2013  #  Sending Type 0x20 to Cresnet Id 0x52. Num Sent (9) != Num Written  (33) 
 70. Error: TLDM.exe # 11:19:19  3-08-2013  #  Sending Type 0x20 to Cresnet Id 0x52. Num Sent (16) != Num Written  (33) 
 71. Error: TLDM.exe # 11:19:19  3-08-2013  #  Sending Type 0x20 to Cresnet Id 0x52. Num Sent (8) != Num Written  (33) 
 72. Error: TLDM.exe # 11:19:19  3-08-2013  #  Sending Type 0x20 to Cresnet Id 0x52. Num Sent (8) != Num Written  (33) 
 73. Error: TLDM.exe # 11:19:19  3-08-2013  #  Sending Type 0x20 to Cresnet Id 0x52. Num Sent (16) != Num Written  (33) 
 74. Error: TLDM.exe # 11:19:19  3-08-2013  #  Sending Type 0x20 to Cresnet Id 0x52. Num Sent (8) != Num Written  (33) 
 75. Error: TLDM.exe # 11:19:19  3-08-2013  #  Sending Type 0x20 to Cresnet Id 0x52. Num Sent (8) != Num Written  (5) 
 76. Error: TLDM.exe # 11:19:19  3-08-2013  #  Sending Type 0x20 to Cresnet Id 0x47. Num Sent (15) != Num Written  (5) 
 77. Error: TLDM.exe # 11:19:19  3-08-2013  #  Sending Type 0x20 to Cresnet Id 0x52. Num Sent (9) != Num Written  (5) 
 78. Error: TLDM.exe # 11:19:19  3-08-2013  #  Sending Type 0x20 to Cresnet Id 0x52. Num Sent (16) != Num Written  (5) 
 79. Error: TLDM.exe # 11:19:19  3-08-2013  #  Sending Type 0x20 to Cresnet Id 0x52. Num Sent (8) != Num Written  (5) 
 80. Error: TLDM.exe # 11:19:19  3-08-2013  #  Sending Type 0x20 to Cresnet Id 0x52. Num Sent (8) != Num Written  (5) 
 81. Error: TLDM.exe # 11:19:19  3-08-2013  #  Sending Type 0x20 to Cresnet Id 0x52. Num Sent (8) != Num Written  (5) 
 82. Warning: splusmanagerapp.exe [App 1] # 11:19:19  3-08-2013  # Module S-4.2.1.4.8:S-29.26 : XM_Large_TP_GUI_Processor_v1_0_0 at line 465: UpdateInputValue: Could not get m_BufferReadyEvent
 83. Error: TLDM.exe # 11:19:19  3-08-2013  #  Sending Type 0x20 to Cresnet Id 0x52. Num Sent (8) != Num Written  (26) 
 84. Error: TLDM.exe # 11:19:19  3-08-2013  #  Sending Type 0x20 to Cresnet Id 0x47. Num Sent (15) != Num Written  (23) 
 85. Error: TLDM.exe # 11:19:19  3-08-2013  #  Sending Type 0x20 to Cresnet Id 0x52. Num Sent (9) != Num Written  (22) 
 86. Error: TLDM.exe # 11:19:19  3-08-2013  #  Sending Type 0x20 to Cresnet Id 0x52. Num Sent (8) != Num Written  (26) 
 87. Error: TLDM.exe # 11:19:19  3-08-2013  #  Sending Type 0x20 to Cresnet Id 0x52. Num Sent (8) != Num Written  (28) 
 88. Error: TLDM.exe # 11:19:19  3-08-2013  #  Sending Type 0x20 to Cresnet Id 0x52. Num Sent (8) != Num Written  (26) 
 89. Error: TLDM.exe # 11:19:19  3-08-2013  #  Sending Type 0x20 to Cresnet Id 0x52. Num Sent (8) != Num Written  (28) 
 90. Error: TLDM.exe # 11:19:19  3-08-2013  #  Sending Type 0x20 to Cresnet Id 0x52. Num Sent (8) != Num Written  (25) 
 91. Error: TLDM.exe # 11:19:19  3-08-2013  #  Sending Type 0x20 to Cresnet Id 0x52. Num Sent (8) != Num Written  (19) 
 92. Error: TLDM.exe # 11:19:19  3-08-2013  #  Sending Type 0x20 to Cresnet Id 0x52. Num Sent (9) != Num Written  (29) 
 93. Error: TLDM.exe # 11:19:19  3-08-2013  #  Sending Type 0x20 to Cresnet Id 0x47. Num Sent (15) != Num Written  (23) 
 94. Error: TLDM.exe # 11:19:19  3-08-2013  #  Sending Type 0x20 to Cresnet Id 0x52. Num Sent (8) != Num Written  (26) 
 95. Error: TLDM.exe # 11:19:19  3-08-2013  #  Sending Type 0x12 to Cresnet Id 0x1f. Num Sent (5) != Num Written  (16) 
 96. Error: TLDM.exe # 11:19:19  3-08-2013  #  Sending Type 0x12 to Cresnet Id 0x1f. Num Sent (5) != Num Written  (16) 
 97. Error: TLDM.exe # 11:19:19  3-08-2013  #  Sending Type 0x12 to Cresnet Id 0x1f. Num Sent (5) != Num Written  (16) 
 98. Error: TLDM.exe # 11:19:19  3-08-2013  #  Sending Type 0x12 to Cresnet Id 0x1f. Num Sent (5) != Num Written  (16) 
 99. Error: TLDM.exe # 11:19:19  3-08-2013  #  Sending Type 0x12 to Cresnet Id 0x1f. Num Sent (5) != Num Written  (16) 
100. Error: TLDM.exe # 11:19:19  3-08-2013  #  Sending Type 0x12 to Cresnet Id 0x1f. Num Sent (5) != Num Written  (16) 
101. Error: TLDM.exe # 11:19:19  3-08-2013  #  Sending Type 0x20 to Cresnet Id 0x52. Num Sent (16) != Num Written  (8) 
102. Error: TLDM.exe # 11:19:19  3-08-2013  #  Sending Type 0x12 to Cresnet Id 0x1f. Num Sent (5) != Num Written  (8) 
103. Error: TLDM.exe # 11:19:19  3-08-2013  #  Sending Type 0x20 to Cresnet Id 0x52. Num Sent (16) != Num Written  (5) 
104. Error: TLDM.exe # 11:19:19  3-08-2013  #  Sending Type 0x12 to Cresnet Id 0x1f. Num Sent (5) != Num Written  (8) 
105. Error: TLDM.exe # 11:19:20  3-08-2013  #  Sending Type 0x20 to Cresnet Id 0x52. Num Sent (28) != Num Written  (15) 
106. Error: TLDM.exe # 11:19:20  3-08-2013  #  Sending Type 0x12 to Cresnet Id 0x1f. Num Sent (5) != Num Written  (9) 
107. Error: TLDM.exe # 11:19:21  3-08-2013  #  CTHALCresnetDriverInterface: Timed out while waiting for cresnet driver to indicate operation done 
108. Error: TLDM.exe # 11:19:22  3-08-2013  #  CTHALCresnetDriverInterface: Timed out while waiting for cresnet driver to indicate operation done 
109. Error: TLDM.exe # 11:19:23  3-08-2013  #  CTHALCresnetDriverInterface: Timed out while waiting for cresnet driver to indicate operation done 
110. Error: TLDM.exe # 11:19:24  3-08-2013  #  CTHALCresnetDriverInterface: Timed out while waiting for cresnet driver to indicate operation done 
111. Error: TLDM.exe # 11:19:25  3-08-2013  #  CTHALCresnetDriverInterface: Timed out while waiting for cresnet driver to indicate operation done 
112. Error: TLDM.exe # 11:19:26  3-08-2013  #  CTHALCresnetDriverInterface: Timed out while waiting for cresnet driver to indicate operation done 
113. Error: TLDM.exe # 11:19:27  3-08-2013  #  CTHALCresnetDriverInterface: Timed out while waiting for cresnet driver to indicate operation done 
114. Error: TLDM.exe # 11:19:28  3-08-2013  #  CTHALCresnetDriverInterface: Timed out while waiting for cresnet driver to indicate operation done 
115. Error: TLDM.exe # 11:19:29  3-08-2013  #  CTHALCresnetDriverInterface: Timed out while waiting for cresnet driver to indicate operation done 
116. Error: TLDM.exe # 11:19:30  3-08-2013  #  CTHALCresnetDriverInterface: Timed out while waiting for cresnet driver to indicate operation done 
117. Error: TLDM.exe # 11:19:31  3-08-2013  #  CTHALCresnetDriverInterface: Timed out while waiting for cresnet driver to indicate operation done 
118. Error: TLDM.exe # 11:19:32  3-08-2013  #  CTHALCresnetDriverInterface: Timed out while waiting for cresnet driver to indicate operation done 
119. Error: TLDM.exe # 11:19:33  3-08-2013  #  CTHALCresnetDriverInterface: Timed out while waiting for cresnet driver to indicate operation done 
120. Error: TLDM.exe # 11:19:34  3-08-2013  #  CTHALCresnetDriverInterface: Timed out while waiting for cresnet driver to indicate operation done 
121. Error: TLDM.exe # 11:19:35  3-08-2013  #  CTHALCresnetDriverInterface: Timed out while waiting for cresnet driver to indicate operation done 
122. Error: TLDM.exe # 11:19:36  3-08-2013  #  CTHALCresnetDriverInterface: Timed out while waiting for cresnet driver to indicate operation done 
123. Error: TLDM.exe # 11:19:37  3-08-2013  #  CTHALCresnetDriverInterface: Timed out while waiting for cresnet driver to indicate operation done 
124. Error: TLDM.exe # 11:19:38  3-08-2013  #  CTHALCresnetDriverInterface: Timed out while waiting for cresnet driver to indicate operation done 
125. Error: TLDM.exe # 11:19:39  3-08-2013  #  CTHALCresnetDriverInterface: Timed out while waiting for cresnet driver to indicate operation done 
126. Error: TLDM.exe # 11:19:40  3-08-2013  #  CTHALCresnetDriverInterface: Timed out while waiting for cresnet driver to indicate operation done 
127. Error: TLDM.exe # 11:19:41  3-08-2013  #  CTHALCresnetDriverInterface: Timed out while waiting for cresnet driver to indicate operation done 
128. Error: TLDM.exe # 11:19:42  3-08-2013  #  CTHALCresnetDriverInterface: Timed out while waiting for cresnet driver to indicate operation done 
129. Error: TLDM.exe # 11:19:43  3-08-2013  #  CTHALCresnetDriverInterface: Timed out while waiting for cresnet driver to indicate operation done 
130. Error: TLDM.exe # 11:19:44  3-08-2013  #  CTHALCresnetDriverInterface: Timed out while waiting for cresnet driver to indicate operation done 
131. Error: TLDM.exe # 11:19:45  3-08-2013  #  CTHALCresnetDriverInterface: Timed out while waiting for cresnet driver to indicate operation done 
132. Error: TLDM.exe # 11:19:46  3-08-2013  #  CTHALCresnetDriverInterface: Timed out while waiting for cresnet driver to indicate operation done 
133. Error: TLDM.exe # 11:19:47  3-08-2013  #  CTHALCresnetDriverInterface: Timed out while waiting for cresnet driver to indicate operation done 
134. Error: TLDM.exe # 11:19:48  3-08-2013  #  CTHALCresnetDriverInterface: Timed out while waiting for cresnet driver to indicate operation done 
135. Error: TLDM.exe # 11:19:49  3-08-2013  #  CTHALCresnetDriverInterface: Timed out while waiting for cresnet driver to indicate operation done 
136. Error: TLDM.exe # 11:19:50  3-08-2013  #  CTHALCresnetDriverInterface: Timed out while waiting for cresnet driver to indicate operation done 
137. Error: TLDM.exe # 11:19:51  3-08-2013  #  CTHALCresnetDriverInterface: Timed out while waiting for cresnet driver to indicate operation done 
138. Error: TLDM.exe # 11:19:52  3-08-2013  #  CTHALCresnetDriverInterface: Timed out while waiting for cresnet driver to indicate operation done 
139. Error: TLDM.exe # 11:19:53  3-08-2013  #  CTHALCresnetDriverInterface: Timed out while waiting for cresnet driver to indicate operation done 
140. Error: TLDM.exe # 11:19:54  3-08-2013  #  CTHALCresnetDriverInterface: Timed out while waiting for cresnet driver to indicate operation done 
141. Error: TLDM.exe # 11:19:55  3-08-2013  #  CTHALCresnetDriverInterface: Timed out while waiting for cresnet driver to indicate operation done 
142. Error: TLDM.exe # 11:19:56  3-08-2013  #  CTHALCresnetDriverInterface: Timed out while waiting for cresnet driver to indicate operation done 
143. Error: TLDM.exe # 11:19:57  3-08-2013  #  CTHALCresnetDriverInterface: Timed out while waiting for cresnet driver to indicate operation done 
144. Error: TLDM.exe # 11:19:58  3-08-2013  #  CTHALCresnetDriverInterface: Timed out while waiting for cresnet driver to indicate operation done 
145. Error: TLDM.exe # 11:19:59  3-08-2013  #  CTHALCresnetDriverInterface: Timed out while waiting for cresnet driver to indicate operation done 
146. Error: TLDM.exe # 11:20:00  3-08-2013  #  CTHALCresnetDriverInterface: Timed out while waiting for cresnet driver to indicate operation done 
147. Error: TLDM.exe # 11:20:01  3-08-2013  #  CTHALCresnetDriverInterface: Timed out while waiting for cresnet driver to indicate operation done 
148. Error: TLDM.exe # 11:20:02  3-08-2013  #  CTHALCresnetDriverInterface: Timed out while waiting for cresnet driver to indicate operation done 
149. Error: TLDM.exe # 11:20:03  3-08-2013  #  CTHALCresnetDriverInterface: Timed out while waiting for cresnet driver to indicate operation done 
150. Error: TLDM.exe # 11:20:04  3-08-2013  #  CTHALCresnetDriverInterface: Timed out while waiting for cresnet driver to indicate operation done 
151. Error: TLDM.exe # 11:20:05  3-08-2013  #  CTHALCresnetDriverInterface: Timed out while waiting for cresnet driver to indicate operation done 
152. Error: TLDM.exe # 11:20:06  3-08-2013  #  CTHALCresnetDriverInterface: Timed out while waiting for cresnet driver to indicate operation done 
153. Error: TLDM.exe # 11:20:07  3-08-2013  #  CTHALCresnetDriverInterface: Timed out while waiting for SendStartOrStopPollingListOfDevicesToDriver  done 
154. Error: TLDM.exe # 11:20:07  3-08-2013  # StartOrStopPollingListOfDevices - Sending IOCTL START/STOP POLL_DEVICE_LIST failed with code 0x102 
155. Error: TLDM.exe # 11:20:07  3-08-2013  # HandleLogicAppExiting - Unable to send Stop Polling list 
156. Error: TLDM.exe # 11:20:08  3-08-2013  #  CTHALCresnetDriverInterface: Timed out while waiting for cresnet driver to indicate operation done 
157. Error: TLDM.exe # 11:20:09  3-08-2013  #  CTHALCresnetDriverInterface: Timed out while waiting for cresnet driver to indicate operation done 
158. Error: TLDM.exe # 11:20:09  3-08-2013  #  CTHALCresnetDriverInterface: SendDeviceUnRegisterMessage not successful  but 8 
159. Error: TLDM.exe # 11:20:09  3-08-2013  #  Cresnet Id 37. Device UnRegistration Failed. Error code 0xa 
160. Error: TLDM.exe # 11:20:09  3-08-2013  #  Sending Type 0x20 to Cresnet Id 0x52. Num Sent (16) != Num Written  (8) 
161. Error: TLDM.exe # 11:20:09  3-08-2013  #  CTHALCresnetDriverInterface: SendDeviceUnRegisterMessage not successful  but 16 
162. Error: TLDM.exe # 11:20:09  3-08-2013  #  Cresnet Id 38. Device UnRegistration Failed. Error code 0xa 
163. Error: TLDM.exe # 11:20:10  3-08-2013  #  CTHALCresnetDriverInterface: Timed out while waiting for cresnet driver to indicate operation done 
164. Error: TLDM.exe # 11:20:10  3-08-2013  #  CTHALCresnetDriverInterface: Timed out while waiting for SendDeviceUnRegisterMessage done 
165. Error: TLDM.exe # 11:20:10  3-08-2013  #  Cresnet Id 39. Device UnRegistration Failed. Error code 0x102 
166. Error: TLDM.exe # 11:20:11  3-08-2013  #  CTHALCresnetDriverInterface: Timed out while waiting for cresnet driver to indicate operation done 
167. Error: TLDM.exe # 11:20:12  3-08-2013  #  CTHALCresnetDriverInterface: Timed out while waiting for cresnet driver to indicate operation done 
168. Error: TLDM.exe # 11:20:12  3-08-2013  #  Sending Type 0x12 to Cresnet Id 0x1f. Num Sent (5) != Num Written  (8) 
169. Error: TLDM.exe # 11:20:12  3-08-2013  #  CTHALCresnetDriverInterface: SendDeviceUnRegisterMessage not successful  but 8 
170. Error: TLDM.exe # 11:20:12  3-08-2013  #  Cresnet Id 40. Device UnRegistration Failed. Error code 0xa 
171. Error: TLDM.exe # 11:20:12  3-08-2013  #  Sending Type 0x20 to Cresnet Id 0x52. Num Sent (16) != Num Written  (15) 
172. Error: TLDM.exe # 11:20:12  3-08-2013  #  CTHALCresnetDriverInterface: SendDeviceUnRegisterMessage not successful  but 9 
173. Error: TLDM.exe # 11:20:12  3-08-2013  #  Cresnet Id 41. Device UnRegistration Failed. Error code 0xa 
174. Error: TLDM.exe # 11:20:12  3-08-2013  #  Sending Type 0x12 to Cresnet Id 0x1f. Num Sent (5) != Num Written  (16) 
175. Error: TLDM.exe # 11:20:12  3-08-2013  #  CTHALCresnetDriverInterface: SendDeviceUnRegisterMessage not successful  but 8 
176. Error: TLDM.exe # 11:20:12  3-08-2013  #  Cresnet Id 42. Device UnRegistration Failed. Error code 0xa 
177. Error: TLDM.exe # 11:20:12  3-08-2013  #  Sending Type 0x20 to Cresnet Id 0x52. Num Sent (16) != Num Written  (8) 
178. Error: TLDM.exe # 11:20:12  3-08-2013  #  CTHALCresnetDriverInterface: SendDeviceUnRegisterMessage not successful  but 8 
179. Error: TLDM.exe # 11:20:12  3-08-2013  #  Cresnet Id 43. Device UnRegistration Failed. Error code 0xa 
180. Warning: splusmanagerapp.exe [App 1] # 11:20:13  3-08-2013  # Module S-4.2.1.1.6:S-1.4 : NuVo_Parser__XM_2011_02_11 at line 293: UpdateInputValue: Could not get m_BufferReadyEvent
181. Warning: splusmanagerapp.exe [App 1] # 11:20:13  3-08-2013  # Module S-4.2.1.2.6:S-1.4 : NuVo_Parser__XM_2011_02_11 at line 293: UpdateInputValue: Could not get m_BufferReadyEvent
182. Error: splusmanagerapp.exe [App 1] # 11:20:13  3-08-2013  # Module S-4.2.1.1.6:S-1.4 : NuVo_Parser__XM_2011_02_11 at line 293: Buffer Input overflow. New = 250, Max = 128
183. Error: TLDM.exe # 11:20:13  3-08-2013  #  CTHALCresnetDriverInterface: Timed out while waiting for cresnet driver to indicate operation done 
184. Error: splusmanagerapp.exe [App 1] # 11:20:13  3-08-2013  # SplusManagerApp: Module:  dataMsg.value: 250
185. Error: splusmanagerapp.exe [App 1] # 11:20:13  3-08-2013  # Module S-4.2.1.2.6:S-1.4 : NuVo_Parser__XM_2011_02_11 at line 293: Buffer Input overflow. New = 250, Max = 128
186. Error: splusmanagerapp.exe [App 1] # 11:20:13  3-08-2013  # SplusManagerApp: Module:  dataMsg.value: 250
187. Warning: splusmanagerapp.exe [App 1] # 11:20:13  3-08-2013  # Module S-4.2.1.1.6:S-1.4 : NuVo_Parser__XM_2011_02_11 at line 293: UpdateInputValue: Could not get m_BufferReadyEvent
188. Warning: splusmanagerapp.exe [App 1] # 11:20:14  3-08-2013  # Module S-4.2.1.2.6:S-1.4 : NuVo_Parser__XM_2011_02_11 at line 293: UpdateInputValue: Could not get m_BufferReadyEvent
189. Error: TLDM.exe # 11:20:14  3-08-2013  #  CTHALCresnetDriverInterface: Timed out while waiting for SendDeviceUnRegisterMessage done 
190. Error: TLDM.exe # 11:20:14  3-08-2013  #  Cresnet Id 44. Device UnRegistration Failed. Error code 0x102 
191. Error: TLDM.exe # 11:20:15  3-08-2013  #  CTHALCresnetDriverInterface: Timed out while waiting for cresnet driver to indicate operation done 
192. Error: TLDM.exe # 11:20:15  3-08-2013  #  Sending Type 0x12 to Cresnet Id 0x1f. Num Sent (5) != Num Written  (8) 
193. Error: TLDM.exe # 11:20:15  3-08-2013  #  CTHALCresnetDriverInterface: SendDeviceUnRegisterMessage not successful  but 15 
194. Error: TLDM.exe # 11:20:15  3-08-2013  #  Cresnet Id 45. Device UnRegistration Failed. Error code 0xa 
195. Error: TLDM.exe # 11:20:15  3-08-2013  #  Sending Type 0x20 to Cresnet Id 0x52. Num Sent (16) != Num Written  (9) 
196. Error: TLDM.exe # 11:20:15  3-08-2013  #  CTHALCresnetDriverInterface: SendDeviceUnRegisterMessage not successful  but 8 
197. Error: TLDM.exe # 11:20:15  3-08-2013  #  Cresnet Id 46. Device UnRegistration Failed. Error code 0xa 
198. Error: TLDM.exe # 11:20:16  3-08-2013  #  CTHALCresnetDriverInterface: Timed out while waiting for cresnet driver to indicate operation done 
199. Error: TLDM.exe # 11:20:16  3-08-2013  #  CTHALCresnetDriverInterface: Timed out while waiting for SendDeviceUnRegisterMessage done 
200. Error: TLDM.exe # 11:20:16  3-08-2013  #  Cresnet Id 47. Device UnRegistration Failed. Error code 0x102 
201. Notice: TLDM.exe # 11:20:16  3-08-2013  # **Program 2 Stopped**
202. Error: TLDM.exe # 11:20:17  3-08-2013  #  CTHALCresnetDriverInterface: Timed out while waiting for cresnet driver to indicate operation done 
203. Error: TLDM.exe # 11:20:18  3-08-2013  #  CTHALCresnetDriverInterface: Timed out while waiting for cresnet driver to indicate operation done 
204. Error: TLDM.exe # 11:20:19  3-08-2013  #  CTHALCresnetDriverInterface: Timed out while waiting for cresnet driver to indicate operation done 
205. Error: TLDM.exe # 11:20:20  3-08-2013  #  CTHALCresnetDriverInterface: Timed out while waiting for cresnet driver to indicate operation done 
206. Error: TLDM.exe # 11:20:21  3-08-2013  #  CTHALCresnetDriverInterface: Timed out while waiting for cresnet driver to indicate operation done 
207. Error: TLDM.exe # 11:20:22  3-08-2013  #  CTHALCresnetDriverInterface: Timed out while waiting for cresnet driver to indicate operation done 
208. Error: TLDM.exe # 11:20:23  3-08-2013  #  CTHALCresnetDriverInterface: Timed out while waiting for cresnet driver to indicate operation done 
209. Error: TLDM.exe # 11:20:24  3-08-2013  #  CTHALCresnetDriverInterface: Timed out while waiting for cresnet driver to indicate operation done 
210. Error: TLDM.exe # 11:20:25  3-08-2013  #  CTHALCresnetDriverInterface: Timed out while waiting for cresnet driver to indicate operation done 
211. Error: TLDM.exe # 11:20:26  3-08-2013  #  CTHALCresnetDriverInterface: Timed out while waiting for cresnet driver to indicate operation done 
212. Error: TLDM.exe # 11:20:27  3-08-2013  #  CTHALCresnetDriverInterface: Timed out while waiting for cresnet driver to indicate operation done 
213. Error: TLDM.exe # 11:20:28  3-08-2013  #  CTHALCresnetDriverInterface: Timed out while waiting for cresnet driver to indicate operation done 
214. Error: TLDM.exe # 11:20:30  3-08-2013  #  CTHALCresnetDriverInterface: Timed out while waiting for cresnet driver to indicate operation done 
215. Error: TLDM.exe # 11:20:31  3-08-2013  #  CTHALCresnetDriverInterface: Timed out while waiting for cresnet driver to indicate operation done 
216. Error: TLDM.exe # 11:20:31  3-08-2013  #  Sending Type 0x12 to Cresnet Id 0x1f. Num Sent (5) != Num Written  (8) 
217. Error: TLDM.exe # 11:20:31  3-08-2013  #  Sending Type 0x12 to Cresnet Id 0x1f. Num Sent (5) != Num Written  (8) 
218. Error: TLDM.exe # 11:20:31  3-08-2013  #  Sending Type 0x12 to Cresnet Id 0x1f. Num Sent (5) != Num Written  (8) 
219. Error: TLDM.exe # 11:20:31  3-08-2013  #  Sending Type 0x20 to Cresnet Id 0x52. Num Sent (28) != Num Written  (8) 
220. Error: TLDM.exe # 11:20:31  3-08-2013  #  Sending Type 0x20 to Cresnet Id 0x54. Num Sent (23) != Num Written  (8) 
221. Error: TLDM.exe # 11:20:31  3-08-2013  #  Sending Type 0x20 to Cresnet Id 0x54. Num Sent (22) != Num Written  (9) 
222. Error: TLDM.exe # 11:20:31  3-08-2013  #  Sending Type 0x20 to Cresnet Id 0x54. Num Sent (26) != Num Written  (15) 
223. Error: TLDM.exe # 11:20:31  3-08-2013  #  Sending Type 0x20 to Cresnet Id 0x54. Num Sent (28) != Num Written  (8) 
224. Error: TLDM.exe # 11:20:31  3-08-2013  #  Sending Type 0x20 to Cresnet Id 0x54. Num Sent (26) != Num Written  (5) 
225. Error: TLDM.exe # 11:20:31  3-08-2013  #  Sending Type 0x20 to Cresnet Id 0x54. Num Sent (28) != Num Written  (5) 
226. Error: TLDM.exe # 11:20:31  3-08-2013  #  Sending Type 0x20 to Cresnet Id 0x54. Num Sent (25) != Num Written  (5) 
227. Error: TLDM.exe # 11:20:31  3-08-2013  #  Sending Type 0x20 to Cresnet Id 0x54. Num Sent (19) != Num Written  (5) 
228. Error: TLDM.exe # 11:20:31  3-08-2013  #  Sending Type 0x20 to Cresnet Id 0x54. Num Sent (29) != Num Written  (5) 
229. Error: TLDM.exe # 11:20:31  3-08-2013  #  Sending Type 0x20 to Cresnet Id 0x54. Num Sent (23) != Num Written  (5) 
230. Error: TLDM.exe # 11:20:31  3-08-2013  #  Sending Type 0x20 to Cresnet Id 0x54. Num Sent (26) != Num Written  (16) 
231. Error: TLDM.exe # 11:20:31  3-08-2013  #  Sending Type 0x20 to Cresnet Id 0x54. Num Sent (16) != Num Written  (5) 
232. Error: TLDM.exe # 11:20:31  3-08-2013  #  Sending Type 0x20 to Cresnet Id 0x54. Num Sent (16) != Num Written  (5) 
233. Error: TLDM.exe # 11:20:31  3-08-2013  #  Sending Type 0x20 to Cresnet Id 0x54. Num Sent (16) != Num Written  (28) 
234. Error: TLDM.exe # 11:20:31  3-08-2013  #  Sending Type 0x20 to Cresnet Id 0x54. Num Sent (16) != Num Written  (5) 
235. Error: TLDM.exe # 11:20:31  3-08-2013  #  Sending Type 0x20 to Cresnet Id 0x54. Num Sent (16) != Num Written  (21) 
236. Error: TLDM.exe # 11:20:31  3-08-2013  #  Sending Type 0x20 to Cresnet Id 0x54. Num Sent (16) != Num Written  (5) 
237. Error: TLDM.exe # 11:20:31  3-08-2013  #  Sending Type 0x20 to Cresnet Id 0x54. Num Sent (16) != Num Written  (18) 
238. Error: TLDM.exe # 11:20:31  3-08-2013  #  Sending Type 0x20 to Cresnet Id 0x54. Num Sent (16) != Num Written  (18) 
239. Error: TLDM.exe # 11:20:31  3-08-2013  #  Sending Type 0x12 to Cresnet Id 0x1f. Num Sent (5) != Num Written  (18) 
240. Error: TLDM.exe # 11:20:31  3-08-2013  #  Sending Type 0x20 to Cresnet Id 0x54. Num Sent (16) != Num Written  (28) 
241. Error: TLDM.exe # 11:20:31  3-08-2013  #  Sending Type 0x20 to Cresnet Id 0x54. Num Sent (16) != Num Written  (19) 
242. Error: TLDM.exe # 11:20:31  3-08-2013  #  Sending Type 0x20 to Cresnet Id 0x54. Num Sent (28) != Num Written  (16) 
243. Error: TLDM.exe # 11:20:31  3-08-2013  #  Sending Type 0x20 to Cresnet Id 0x52. Num Sent (9) != Num Written  (16) 
244. Error: TLDM.exe # 11:20:31  3-08-2013  #  Sending Type 0x20 to Cresnet Id 0x54. Num Sent (21) != Num Written  (16) 
245. Error: TLDM.exe # 11:20:31  3-08-2013  #  Sending Type 0x20 to Cresnet Id 0x54. Num Sent (18) != Num Written  (16) 
246. Error: TLDM.exe # 11:20:31  3-08-2013  #  Sending Type 0x20 to Cresnet Id 0x54. Num Sent (18) != Num Written  (16) 
247. Error: TLDM.exe # 11:20:31  3-08-2013  #  Sending Type 0x20 to Cresnet Id 0x54. Num Sent (18) != Num Written  (16) 
248. Error: TLDM.exe # 11:20:31  3-08-2013  #  Sending Type 0x20 to Cresnet Id 0x54. Num Sent (28) != Num Written  (16) 
249. Error: TLDM.exe # 11:20:31  3-08-2013  #  Sending Type 0x20 to Cresnet Id 0x54. Num Sent (19) != Num Written  (16) 
250. Error: TLDM.exe # 11:20:31  3-08-2013  #  Sending Type 0x20 to Cresnet Id 0x54. Num Sent (16) != Num Written  (26) 
251. Error: TLDM.exe # 11:20:31  3-08-2013  #  Sending Type 0x20 to Cresnet Id 0x54. Num Sent (16) != Num Written  (23) 
252. Error: TLDM.exe # 11:20:31  3-08-2013  #  Sending Type 0x20 to Cresnet Id 0x54. Num Sent (16) != Num Written  (22) 
253. Error: TLDM.exe # 11:20:31  3-08-2013  #  Sending Type 0x20 to Cresnet Id 0x54. Num Sent (16) != Num Written  (26) 
254. Error: TLDM.exe # 11:20:31  3-08-2013  #  Sending Type 0x20 to Cresnet Id 0x54. Num Sent (16) != Num Written  (28) 
255. Error: TLDM.exe # 11:20:31  3-08-2013  #  Sending Type 0x20 to Cresnet Id 0x54. Num Sent (16) != Num Written  (26) 
256. Error: TLDM.exe # 11:20:31  3-08-2013  #  Sending Type 0x20 to Cresnet Id 0x54. Num Sent (16) != Num Written  (28) 
257. Error: TLDM.exe # 11:20:31  3-08-2013  #  Sending Type 0x20 to Cresnet Id 0x54. Num Sent (16) != Num Written  (25) 
258. Error: TLDM.exe # 11:20:31  3-08-2013  #  Sending Type 0x20 to Cresnet Id 0x54. Num Sent (28) != Num Written  (19) 
259. Error: TLDM.exe # 11:20:31  3-08-2013  #  Sending Type 0x20 to Cresnet Id 0x53. Num Sent (23) != Num Written  (1) 
260. Error: TLDM.exe # 11:20:31  3-08-2013  #  Sending Type 0x20 to Cresnet Id 0x53. Num Sent (22) != Num Written  (25) 
261. Error: TLDM.exe # 11:20:31  3-08-2013  #  Sending Type 0x20 to Cresnet Id 0x53. Num Sent (26) != Num Written  (19) 
262. Error: TLDM.exe # 11:20:31  3-08-2013  #  Sending Type 0x20 to Cresnet Id 0xa1. Num Sent (8) != Num Written  (29) 
263. Error: TLDM.exe # 11:20:31  3-08-2013  #  Sending Type 0x12 to Cresnet Id 0x1f. Num Sent (5) != Num Written  (23) 
264. Error: TLDM.exe # 11:20:31  3-08-2013  #  Sending Type 0x20 to Cresnet Id 0xa1. Num Sent (8) != Num Written  (26) 
265. Error: TLDM.exe # 11:20:31  3-08-2013  #  Sending Type 0x20 to Cresnet Id 0xa1. Num Sent (8) != Num Written  (16) 
266. Error: TLDM.exe # 11:20:31  3-08-2013  #  Sending Type 0x20 to Cresnet Id 0xa1. Num Sent (8) != Num Written  (16) 
267. Error: TLDM.exe # 11:20:31  3-08-2013  #  Sending Type 0x20 to Cresnet Id 0xa1. Num Sent (8) != Num Written  (16) 
268. Error: TLDM.exe # 11:20:31  3-08-2013  #  Sending Type 0x20 to Cresnet Id 0xa1. Num Sent (8) != Num Written  (16) 
269. Error: TLDM.exe # 11:20:31  3-08-2013  #  Sending Type 0x20 to Cresnet Id 0x52. Num Sent (9) != Num Written  (16) 
270. Error: TLDM.exe # 11:20:31  3-08-2013  #  Sending Type 0x20 to Cresnet Id 0x53. Num Sent (28) != Num Written  (16) 
271. Error: TLDM.exe # 11:20:31  3-08-2013  #  Sending Type 0x20 to Cresnet Id 0xa1. Num Sent (8) != Num Written  (16) 
272. Error: TLDM.exe # 11:20:32  3-08-2013  #  Sending Type 0x20 to Cresnet Id 0xa1. Num Sent (8) != Num Written  (16) 
273. Error: TLDM.exe # 11:20:32  3-08-2013  #  Sending Type 0x20 to Cresnet Id 0x53. Num Sent (26) != Num Written  (16) 
274. Error: TLDM.exe # 11:20:32  3-08-2013  #  Sending Type 0x20 to Cresnet Id 0xa1. Num Sent (8) != Num Written  (5) 
275. Error: TLDM.exe # 11:20:32  3-08-2013  #  Sending Type 0x20 to Cresnet Id 0x53. Num Sent (28) != Num Written  (16) 
276. Error: TLDM.exe # 11:20:32  3-08-2013  #  Sending Type 0x20 to Cresnet Id 0xa1. Num Sent (8) != Num Written  (16) 
277. Error: TLDM.exe # 11:20:32  3-08-2013  #  Sending Type 0x20 to Cresnet Id 0x53. Num Sent (25) != Num Written  (28) 
278. Error: TLDM.exe # 11:20:32  3-08-2013  #  Sending Type 0x20 to Cresnet Id 0x53. Num Sent (19) != Num Written  (9) 
279. Error: TLDM.exe # 11:20:32  3-08-2013  #  Sending Type 0x20 to Cresnet Id 0x53. Num Sent (29) != Num Written  (21) 
280. Error: TLDM.exe # 11:20:32  3-08-2013  #  Sending Type 0x20 to Cresnet Id 0x53. Num Sent (23) != Num Written  (18) 
281. Error: TLDM.exe # 11:20:32  3-08-2013  #  Sending Type 0x20 to Cresnet Id 0x53. Num Sent (26) != Num Written  (18) 
282. Error: splusmanagerapp.exe [App 1] # 11:20:32  3-08-2013  # Module S-4.2.3.1.8.1:S-3 : ITIProv4 at line 129: Buffer Input overflow. New = 272, Max = 255
283. Error: splusmanagerapp.exe [App 1] # 11:20:32  3-08-2013  # Module S-4.2.3.1.8.1:S-3 : ITIProv4 at line 129: Buffer Input overflow. New = 272, Max = 255
284. Error: splusmanagerapp.exe [App 1] # 11:20:32  3-08-2013  # Module S-4.2.3.1.8.1:S-3 : ITIProv4 at line 129: Buffer Input overflow. New = 272, Max = 255
285. Error: splusmanagerapp.exe [App 1] # 11:20:32  3-08-2013  # Module S-4.2.3.1.8.1:S-3 : ITIProv4 at line 129: Buffer Input overflow. New = 272, Max = 255
286. Error: TLDM.exe # 11:20:32  3-08-2013  #  Sending Type 0x20 to Cresnet Id 0x53. Num Sent (16) != Num Written  (18) 
287. Error: TLDM.exe # 11:20:32  3-08-2013  #  Sending Type 0x20 to Cresnet Id 0x53. Num Sent (16) != Num Written  (28) 
288. Error: TLDM.exe # 11:20:32  3-08-2013  #  Sending Type 0x20 to Cresnet Id 0x53. Num Sent (16) != Num Written  (19) 
289. Error: splusmanagerapp.exe [App 1] # 11:20:32  3-08-2013  # Module S-4.2.3.1.8.1:S-3 : ITIProv4 at line 129: Buffer Input overflow. New = 259, Max = 255
290. Error: splusmanagerapp.exe [App 1] # 11:20:32  3-08-2013  # Module S-4.2.3.1.8.1:S-3 : ITIProv4 at line 129: Buffer Input overflow. New = 268, Max = 255
291. Error: splusmanagerapp.exe [App 1] # 11:20:32  3-08-2013  # Module S-4.2.3.1.8.1:S-3 : ITIProv4 at line 129: Buffer Input overflow. New = 272, Max = 255
292. Error: splusmanagerapp.exe [App 1] # 11:20:32  3-08-2013  # Module S-4.2.3.1.8.1:S-3 : ITIProv4 at line 129: Buffer Input overflow. New = 272, Max = 255
293. Error: splusmanagerapp.exe [App 1] # 11:20:32  3-08-2013  # Module S-4.2.3.1.8.1:S-3 : ITIProv4 at line 129: Buffer Input overflow. New = 272, Max = 255
294. Error: splusmanagerapp.exe [App 1] # 11:20:32  3-08-2013  # Module S-4.2.3.1.8.1:S-3 : ITIProv4 at line 129: Buffer Input overflow. New = 272, Max = 255
295. Error: TLDM.exe # 11:20:32  3-08-2013  #  Sending Type 0x20 to Cresnet Id 0xa1. Num Sent (8) != Num Written  (16) 
296. Error: TLDM.exe # 11:20:32  3-08-2013  #  Sending Type 0x20 to Cresnet Id 0x52. Num Sent (9) != Num Written  (16) 
297. Error: splusmanagerapp.exe [App 1] # 11:20:32  3-08-2013  # Module S-4.2.3.1.8.1:S-3 : ITIProv4 at line 173: Buffer Input overflow. New = 257, Max = 255
298. Error: splusmanagerapp.exe [App 1] # 11:20:32  3-08-2013  # Module S-4.2.3.1.8.1:S-3 : ITIProv4 at line 129: Buffer Input overflow. New = 272, Max = 255
299. Error: splusmanagerapp.exe [App 1] # 11:20:32  3-08-2013  # Module S-4.2.3.1.8.1:S-3 : ITIProv4 at line 129: Buffer Input overflow. New = 264, Max = 255
300. Error: splusmanagerapp.exe [App 1] # 11:20:32  3-08-2013  # Module S-4.2.3.1.8.1:S-3 : ITIProv4 at line 129: Buffer Input overflow. New = 264, Max = 255
301. Error: TLDM.exe # 11:20:32  3-08-2013  #  Sending Type 0x20 to Cresnet Id 0x53. Num Sent (28) != Num Written  (16) 
302. Error: TLDM.exe # 11:20:32  3-08-2013  #  Sending Type 0x20 to Cresnet Id 0x53. Num Sent (21) != Num Written  (28) 
303. Error: TLDM.exe # 11:20:33  3-08-2013  #  Sending Type 0x20 to Cresnet Id 0x53. Num Sent (18) != Num Written  (23) 
304. Error: TLDM.exe # 11:20:33  3-08-2013  #  Sending Type 0x20 to Cresnet Id 0x53. Num Sent (18) != Num Written  (22) 
305. Error: TLDM.exe # 11:20:33  3-08-2013  #  Sending Type 0x20 to Cresnet Id 0x53. Num Sent (18) != Num Written  (26) 
306. Error: TLDM.exe # 11:20:33  3-08-2013  #  Sending Type 0x20 to Cresnet Id 0x53. Num Sent (28) != Num Written  (8) 
307. Error: TLDM.exe # 11:20:33  3-08-2013  #  Sending Type 0x20 to Cresnet Id 0x53. Num Sent (19) != Num Written  (5) 
308. Error: TLDM.exe # 11:20:33  3-08-2013  #  Sending Type 0x20 to Cresnet Id 0x53. Num Sent (16) != Num Written  (8) 
309. Error: TLDM.exe # 11:20:33  3-08-2013  #  Sending Type 0x20 to Cresnet Id 0x53. Num Sent (16) != Num Written  (8) 
310. Error: TLDM.exe # 11:20:33  3-08-2013  #  Sending Type 0x20 to Cresnet Id 0x53. Num Sent (16) != Num Written  (8) 
311. Error: TLDM.exe # 11:20:33  3-08-2013  #  Sending Type 0x20 to Cresnet Id 0x53. Num Sent (16) != Num Written  (8) 
312. Error: TLDM.exe # 11:20:33  3-08-2013  #  Sending Type 0x20 to Cresnet Id 0x53. Num Sent (16) != Num Written  (8) 
313. Error: TLDM.exe # 11:20:33  3-08-2013  #  Sending Type 0x20 to Cresnet Id 0x53. Num Sent (16) != Num Written  (9) 
314. Error: TLDM.exe # 11:20:33  3-08-2013  #  Sending Type 0x20 to Cresnet Id 0x53. Num Sent (16) != Num Written  (28) 
315. Error: TLDM.exe # 11:20:33  3-08-2013  #  Sending Type 0x20 to Cresnet Id 0x53. Num Sent (16) != Num Written  (8) 
316. Error: TLDM.exe # 11:20:33  3-08-2013  #  Sending Type 0x20 to Cresnet Id 0x53. Num Sent (16) != Num Written  (8) 
317. Error: TLDM.exe # 11:20:33  3-08-2013  #  Sending Type 0x20 to Cresnet Id 0x53. Num Sent (16) != Num Written  (26) 
318. Error: TLDM.exe # 11:20:33  3-08-2013  #  Sending Type 0x20 to Cresnet Id 0x53. Num Sent (16) != Num Written  (8) 
319. Error: TLDM.exe # 11:20:33  3-08-2013  #  Sending Type 0x20 to Cresnet Id 0x53. Num Sent (25) != Num Written  (28) 
320. Error: TLDM.exe # 11:20:33  3-08-2013  #  Sending Type 0x20 to Cresnet Id 0xa1. Num Sent (23) != Num Written  (8) 
321. Error: TLDM.exe # 11:20:33  3-08-2013  #  Sending Type 0x20 to Cresnet Id 0xa1. Num Sent (22) != Num Written  (25) 
322. Error: TLDM.exe # 11:20:33  3-08-2013  #  Sending Type 0x20 to Cresnet Id 0xa1. Num Sent (26) != Num Written  (19) 
323. Error: TLDM.exe # 11:20:33  3-08-2013  #  Sending Type 0x20 to Cresnet Id 0xa1. Num Sent (28) != Num Written  (29) 
324. Error: TLDM.exe # 11:20:33  3-08-2013  #  Sending Type 0x12 to Cresnet Id 0x1f. Num Sent (5) != Num Written  (23) 
325. Error: TLDM.exe # 11:20:34  3-08-2013  #  Sending Type 0x12 to Cresnet Id 0x1f. Num Sent (5) != Num Written  (26) 
326. Error: TLDM.exe # 11:20:34  3-08-2013  #  Sending Type 0x12 to Cresnet Id 0x1f. Num Sent (5) != Num Written  (16) 
327. Error: TLDM.exe # 11:20:34  3-08-2013  #  Sending Type 0x12 to Cresnet Id 0x1f. Num Sent (5) != Num Written  (16) 
328. Error: TLDM.exe # 11:20:34  3-08-2013  #  Sending Type 0x12 to Cresnet Id 0x1f. Num Sent (5) != Num Written  (16) 
329. Error: TLDM.exe # 11:20:34  3-08-2013  #  Sending Type 0x12 to Cresnet Id 0x1f. Num Sent (5) != Num Written  (16) 
330. Error: TLDM.exe # 11:20:34  3-08-2013  #  Sending Type 0x12 to Cresnet Id 0x1f. Num Sent (5) != Num Written  (8) 
331. Error: TLDM.exe # 11:20:34  3-08-2013  #  Sending Type 0x12 to Cresnet Id 0x1f. Num Sent (5) != Num Written  (16) 
332. Error: TLDM.exe # 11:20:34  3-08-2013  #  Sending Type 0x12 to Cresnet Id 0x1f. Num Sent (5) != Num Written  (9) 
333. Error: TLDM.exe # 11:20:34  3-08-2013  #  Sending Type 0x12 to Cresnet Id 0x1f. Num Sent (5) != Num Written  (16) 
334. Error: TLDM.exe # 11:20:34  3-08-2013  #  Sending Type 0x12 to Cresnet Id 0x1f. Num Sent (5) != Num Written  (16) 
335. Error: TLDM.exe # 11:20:34  3-08-2013  #  Sending Type 0x12 to Cresnet Id 0x1f. Num Sent (5) != Num Written  (16) 
336. Error: TLDM.exe # 11:20:34  3-08-2013  #  Sending Type 0x12 to Cresnet Id 0x1f. Num Sent (5) != Num Written  (16) 
337. Error: TLDM.exe # 11:20:34  3-08-2013  #  Sending Type 0x12 to Cresnet Id 0x1f. Num Sent (5) != Num Written  (16) 
338. Error: TLDM.exe # 11:20:34  3-08-2013  #  Sending Type 0x12 to Cresnet Id 0x1f. Num Sent (5) != Num Written  (16) 
339. Error: TLDM.exe # 11:20:34  3-08-2013  #  Sending Type 0x12 to Cresnet Id 0x1f. Num Sent (5) != Num Written  (28) 
340. Error: TLDM.exe # 11:20:34  3-08-2013  #  Sending Type 0x12 to Cresnet Id 0x1f. Num Sent (5) != Num Written  (21) 
341. Error: TLDM.exe # 11:20:34  3-08-2013  #  Sending Type 0x20 to Cresnet Id 0xa1. Num Sent (8) != Num Written  (16) 
342. Error: TLDM.exe # 11:20:35  3-08-2013  #  Sending Type 0x20 to Cresnet Id 0xa1. Num Sent (15) != Num Written  (25) 
343. Error: TLDM.exe # 11:20:35  3-08-2013  #  Sending Type 0x20 to Cresnet Id 0xa2. Num Sent (53) != Num Written  (23) 
344. Error: TLDM.exe # 11:20:35  3-08-2013  #  Sending Type 0x20 to Cresnet Id 0xa1. Num Sent (8) != Num Written  (22) 
345. Error: TLDM.exe # 11:20:35  3-08-2013  #  Sending Type 0x20 to Cresnet Id 0xa1. Num Sent (8) != Num Written  (26) 
346. Error: TLDM.exe # 11:20:35  3-08-2013  #  Sending Type 0x20 to Cresnet Id 0xa1. Num Sent (8) != Num Written  (28) 
347. Error: TLDM.exe # 11:20:35  3-08-2013  #  Sending Type 0x20 to Cresnet Id 0xa1. Num Sent (8) != Num Written  (5) 
348. Error: TLDM.exe # 11:20:35  3-08-2013  #  Sending Type 0x12 to Cresnet Id 0x1f. Num Sent (22) != Num Written  (5) 
349. Error: TLDM.exe # 11:20:35  3-08-2013  #  Sending Type 0x20 to Cresnet Id 0xa1. Num Sent (8) != Num Written  (5) 
350. Error: TLDM.exe # 11:20:35  3-08-2013  #  Sending Type 0x12 to Cresnet Id 0x1f. Num Sent (22) != Num Written  (5) 
351. Error: TLDM.exe # 11:20:35  3-08-2013  #  Sending Type 0x20 to Cresnet Id 0xa1. Num Sent (9) != Num Written  (5) 
352. Error: TLDM.exe # 11:20:35  3-08-2013  #  Sending Type 0x20 to Cresnet Id 0xa1. Num Sent (8) != Num Written  (5) 
353. Error: TLDM.exe # 11:20:35  3-08-2013  #  Sending Type 0x20 to Cresnet Id 0x52. Num Sent (8) != Num Written  (5) 
354. Error: TLDM.exe # 11:20:35  3-08-2013  #  Sending Type 0x20 to Cresnet Id 0x52. Num Sent (8) != Num Written  (5) 
355. Error: TLDM.exe # 11:20:35  3-08-2013  #  Sending Type 0x20 to Cresnet Id 0x52. Num Sent (8) != Num Written  (5) 
356. Error: TLDM.exe # 11:20:35  3-08-2013  #  Sending Type 0x20 to Cresnet Id 0x53. Num Sent (8) != Num Written  (5) 
357. Error: TLDM.exe # 11:20:36  3-08-2013  #  Sending Type 0x20 to Cresnet Id 0x54. Num Sent (8) != Num Written  (5) 
358. Error: TLDM.exe # 11:20:36  3-08-2013  #  Sending Type 0x20 to Cresnet Id 0xa1. Num Sent (8) != Num Written  (5) 
359. Error: TLDM.exe # 11:20:36  3-08-2013  #  Sending Type 0x12 to Cresnet Id 0xa3. Num Sent (10) != Num Written  (5) 
360. Error: TLDM.exe # 11:20:36  3-08-2013  #  Sending Type 0x12 to Cresnet Id 0x1f. Num Sent (22) != Num Written  (8) 
361. Error: TLDM.exe # 11:20:36  3-08-2013  #  Sending Type 0x12 to Cresnet Id 0x1f. Num Sent (22) != Num Written  (16) 
362. Error: TLDM.exe # 11:20:36  3-08-2013  #  Sending Type 0x20 to Cresnet Id 0xa1. Num Sent (9) != Num Written  (16) 
363. Error: TLDM.exe # 11:20:36  3-08-2013  #  Sending Type 0x20 to Cresnet Id 0xa1. Num Sent (8) != Num Written  (16) 
364. Error: TLDM.exe # 11:20:36  3-08-2013  #  Sending Type 0x20 to Cresnet Id 0xa1. Num Sent (8) != Num Written  (16) 
365. Error: TLDM.exe # 11:20:36  3-08-2013  #  Sending Type 0x20 to Cresnet Id 0xa1. Num Sent (8) != Num Written  (15) 
366. Error: TLDM.exe # 11:20:36  3-08-2013  #  Sending Type 0x20 to Cresnet Id 0xa1. Num Sent (9) != Num Written  (53) 
367. Error: TLDM.exe # 11:20:36  3-08-2013  #  Sending Type 0x20 to Cresnet Id 0xa1. Num Sent (9) != Num Written  (8) 
368. Error: TLDM.exe # 11:20:36  3-08-2013  #  Sending Type 0x12 to Cresnet Id 0x1f. Num Sent (5) != Num Written  (8) 
369. Error: TLDM.exe # 11:20:36  3-08-2013  #  Sending Type 0x12 to Cresnet Id 0x1f. Num Sent (5) != Num Written  (8) 
370. Error: TLDM.exe # 11:20:36  3-08-2013  #  Sending Type 0x20 to Cresnet Id 0xa1. Num Sent (9) != Num Written  (8) 
371. Error: TLDM.exe # 11:20:36  3-08-2013  #  Sending Type 0x12 to Cresnet Id 0x1f. Num Sent (5) != Num Written  (22) 
372. Error: TLDM.exe # 11:20:36  3-08-2013  #  Sending Type 0x20 to Cresnet Id 0xa1. Num Sent (9) != Num Written  (8) 
373. Error: TLDM.exe # 11:20:36  3-08-2013  #  Sending Type 0x20 to Cresnet Id 0xa1. Num Sent (9) != Num Written  (22) 
374. Error: TLDM.exe # 11:20:36  3-08-2013  #  Sending Type 0x12 to Cresnet Id 0x1f. Num Sent (5) != Num Written  (9) 
375. Error: TLDM.exe # 11:20:36  3-08-2013  #  Sending Type 0x20 to Cresnet Id 0xa1. Num Sent (9) != Num Written  (8) 
376. Error: TLDM.exe # 11:20:36  3-08-2013  #  Sending Type 0x20 to Cresnet Id 0xa2. Num Sent (8) != Num Written  (5) 
377. Error: TLDM.exe # 11:20:36  3-08-2013  #  Sending Type 0x20 to Cresnet Id 0xa2. Num Sent (39) != Num Written  (5) 
378. Error: TLDM.exe # 11:20:36  3-08-2013  #  Sending Type 0x20 to Cresnet Id 0xa1. Num Sent (9) != Num Written  (5) 
379. Error: TLDM.exe # 11:20:36  3-08-2013  #  Sending Type 0x20 to Cresnet Id 0xa1. Num Sent (9) != Num Written  (5) 
380. Error: TLDM.exe # 11:20:36  3-08-2013  #  Sending Type 0x20 to Cresnet Id 0xa1. Num Sent (9) != Num Written  (8) 
381. Error: TLDM.exe # 11:20:37  3-08-2013  #  Sending Type 0x0 to Cresnet Id 0x3d. Num Sent (5) != Num Written  (8) 
382. Error: TLDM.exe # 11:20:37  3-08-2013  #  Sending Type 0x0 to Cresnet Id 0x3d. Num Sent (5) != Num Written  (8) 
383. Error: TLDM.exe # 11:20:37  3-08-2013  #  Sending Type 0x20 to Cresnet Id 0xa1. Num Sent (8) != Num Written  (10) 
384. Error: TLDM.exe # 11:20:37  3-08-2013  #  Sending Type 0x20 to Cresnet Id 0xa1. Num Sent (8) != Num Written  (22) 
385. Error: TLDM.exe # 11:20:37  3-08-2013  #  Sending Type 0x12 to Cresnet Id 0x1f. Num Sent (5) != Num Written  (8) 
386. Error: TLDM.exe # 11:20:37  3-08-2013  #  Sending Type 0x12 to Cresnet Id 0x1f. Num Sent (5) != Num Written  (8) 
 Total Msgs Logged = 1647
 END OF SYSTEM LOG

